#
# There is insufficient memory for the Java Runtime Environment to continue.
# Native memory allocation (malloc) failed to allocate 32816 bytes for Chunk::new
# Possible reasons:
#   The system is out of physical RAM or swap space
#   In 32 bit mode, the process size limit was hit
# Possible solutions:
#   Reduce memory load on the system
#   Increase physical memory or swap space
#   Check if swap backing store is full
#   Use 64 bit Java on a 64 bit OS
#   Decrease Java heap size (-Xmx/-Xms)
#   Decrease number of Java threads
#   Decrease Java thread stack sizes (-Xss)
#   Set larger code cache with -XX:ReservedCodeCacheSize=
# This output file may be truncated or incomplete.
#
#  Out of Memory Error (allocation.cpp:390), pid=16092, tid=0x0000000000002fc8
#
# JRE version: Java(TM) SE Runtime Environment (8.0_92-b14) (build 1.8.0_92-b14)
# Java VM: Java HotSpot(TM) 64-Bit Server VM (25.92-b14 mixed mode windows-amd64 compressed oops)
# Failed to write core dump. Minidumps are not enabled by default on client versions of Windows
#

---------------  T H R E A D  ---------------

Current thread (0x000000001d42a000):  JavaThread "C2 CompilerThread1" daemon [_thread_in_native, id=12232, stack(0x000000001dfe0000,0x000000001e0e0000)]

Stack: [0x000000001dfe0000,0x000000001e0e0000]
[error occurred during error reporting (printing stack bounds), id 0xc0000005]

Native frames: (J=compiled Java code, j=interpreted, Vv=VM code, C=native code)


Current CompileTask:
C2:3100227 10968       4       org.apache.catalina.connector.RequestFacade::getHeader (32 bytes)


---------------  P R O C E S S  ---------------

Java Threads: ( => current thread )
  0x000000001f630800 JavaThread "Keep-Alive-Timer" daemon [_thread_blocked, id=12504, stack(0x000000002f680000,0x000000002f780000)]
  0x000000002659a800 JavaThread "AsyncResolver-bootstrap-executor-0" daemon [_thread_blocked, id=13620, stack(0x000000002f250000,0x000000002f350000)]
  0x000000002659a000 JavaThread "task-scheduler-10" [_thread_blocked, id=16424, stack(0x000000002c970000,0x000000002ca70000)]
  0x0000000026599000 JavaThread "task-scheduler-9" [_thread_blocked, id=15328, stack(0x000000002efb0000,0x000000002f0b0000)]
  0x0000000026598800 JavaThread "task-scheduler-8" [_thread_blocked, id=16244, stack(0x000000002eea0000,0x000000002efa0000)]
  0x0000000026597800 JavaThread "DiscoveryClient-2" daemon [_thread_blocked, id=16252, stack(0x000000002ed40000,0x000000002ee40000)]
  0x0000000026597000 JavaThread "DiscoveryClient-HeartbeatExecutor-0" daemon [_thread_blocked, id=9224, stack(0x000000002eb90000,0x000000002ec90000)]
  0x000000001f1f0800 JavaThread "DiscoveryClient-CacheRefreshExecutor-0" daemon [_thread_blocked, id=16528, stack(0x000000002e9f0000,0x000000002eaf0000)]
  0x000000001f1f0000 JavaThread "task-scheduler-7" [_thread_blocked, id=15808, stack(0x000000002e7d0000,0x000000002e8d0000)]
  0x000000001f1ef000 JavaThread "http-nio-10888-exec-10" daemon [_thread_blocked, id=12012, stack(0x000000002dd40000,0x000000002de40000)]
  0x000000001f1ee800 JavaThread "http-nio-10888-exec-9" daemon [_thread_blocked, id=18208, stack(0x000000002e650000,0x000000002e750000)]
  0x000000001f1ed800 JavaThread "http-nio-10888-exec-8" daemon [_thread_blocked, id=18212, stack(0x000000002e470000,0x000000002e570000)]
  0x000000001f34a800 JavaThread "http-nio-10888-exec-7" daemon [_thread_blocked, id=17320, stack(0x000000002e350000,0x000000002e450000)]
  0x000000001f349800 JavaThread "http-nio-10888-exec-6" daemon [_thread_blocked, id=9476, stack(0x000000002e1a0000,0x000000002e2a0000)]
  0x000000001f349000 JavaThread "http-nio-10888-exec-5" daemon [_thread_blocked, id=18176, stack(0x000000002dfb0000,0x000000002e0b0000)]
  0x000000001f348000 JavaThread "http-nio-10888-exec-4" daemon [_thread_blocked, id=18180, stack(0x000000002de70000,0x000000002df70000)]
  0x000000001f347800 JavaThread "task-scheduler-6" [_thread_blocked, id=15656, stack(0x000000002dc40000,0x000000002dd40000)]
  0x000000001f346800 JavaThread "http-nio-10888-exec-3" daemon [_thread_blocked, id=16720, stack(0x000000002d230000,0x000000002d330000)]
  0x000000001f346000 JavaThread "task-scheduler-5" [_thread_blocked, id=17120, stack(0x000000002da90000,0x000000002db90000)]
  0x000000001f345000 JavaThread "http-nio-10888-exec-2" daemon [_thread_blocked, id=17212, stack(0x000000002d8b0000,0x000000002d9b0000)]
  0x000000001f343800 JavaThread "task-scheduler-4" [_thread_blocked, id=15276, stack(0x000000002d6f0000,0x000000002d7f0000)]
  0x0000000028418000 JavaThread "http-nio-10888-exec-1" daemon [_thread_blocked, id=17224, stack(0x000000002ab50000,0x000000002ac50000)]
  0x0000000028417800 JavaThread "task-scheduler-3" [_thread_blocked, id=17312, stack(0x000000002c560000,0x000000002c660000)]
  0x0000000028416800 JavaThread "DestroyJavaVM" [_thread_blocked, id=14536, stack(0x0000000002590000,0x0000000002690000)]
  0x0000000028416000 JavaThread "http-nio-10888-AsyncTimeout" daemon [_thread_blocked, id=16740, stack(0x000000002cd00000,0x000000002ce00000)]
  0x0000000028415000 JavaThread "http-nio-10888-Acceptor-0" daemon [_thread_in_native, id=14420, stack(0x000000002cbc0000,0x000000002ccc0000)]
  0x0000000028414800 JavaThread "http-nio-10888-ClientPoller-1" daemon [_thread_in_native, id=16836, stack(0x000000002ca80000,0x000000002cb80000)]
  0x0000000028413800 JavaThread "http-nio-10888-ClientPoller-0" daemon [_thread_in_native, id=13324, stack(0x000000002c800000,0x000000002c900000)]
  0x0000000028413000 JavaThread "NioBlockingSelector.BlockPoller-1" daemon [_thread_in_native, id=17500, stack(0x000000002c680000,0x000000002c780000)]
  0x0000000028412000 JavaThread "task-scheduler-2" [_thread_blocked, id=13032, stack(0x000000002be20000,0x000000002bf20000)]
  0x0000000028411000 JavaThread "task-scheduler-1" [_thread_blocked, id=15332, stack(0x000000002c450000,0x000000002c550000)]
  0x0000000022b46800 JavaThread "HystrixMetricPoller" daemon [_thread_blocked, id=15972, stack(0x000000002c2b0000,0x000000002c3b0000)]
  0x0000000022b45800 JavaThread "pool-1-thread-3" [_thread_blocked, id=17468, stack(0x0000000029f80000,0x000000002a080000)]
  0x0000000022b45000 JavaThread "springCloudBus.anonymous.MovTZkWXSlGtaIm50DJbJQ-1" [_thread_blocked, id=13732, stack(0x000000002bf40000,0x000000002c040000)]
  0x0000000022b44000 JavaThread "DiscoveryClient-InstanceInfoReplicator-0" daemon [_thread_blocked, id=17016, stack(0x000000002a7f0000,0x000000002a8f0000)]
  0x0000000022b43800 JavaThread "DiscoveryClient-1" daemon [_thread_blocked, id=14396, stack(0x000000002a350000,0x000000002a450000)]
  0x0000000022b42800 JavaThread "DiscoveryClient-0" daemon [_thread_blocked, id=15676, stack(0x000000002a0d0000,0x000000002a1d0000)]
  0x0000000022b41000 JavaThread "AsyncResolver-bootstrap-0" daemon [_thread_blocked, id=16712, stack(0x0000000029360000,0x0000000029460000)]
  0x0000000022b40800 JavaThread "Eureka-JerseyClient-Conn-Cleaner2" daemon [_thread_blocked, id=15368, stack(0x00000000237c0000,0x00000000238c0000)]
  0x0000000022b3f800 JavaThread "Eureka-JerseyClient-Conn-Cleaner2" daemon [_thread_blocked, id=16832, stack(0x000000002a210000,0x000000002a310000)]
  0x0000000023b84000 JavaThread "pool-1-thread-2" [_thread_blocked, id=15572, stack(0x000000002ad00000,0x000000002ae00000)]
  0x0000000023b83000 JavaThread "AMQP Connection 127.0.0.1:5672" [_thread_in_native, id=17012, stack(0x000000002a960000,0x000000002aa60000)]
  0x0000000023b82800 JavaThread "AsyncAppender-Worker-ASYNC" daemon [_thread_blocked, id=17480, stack(0x0000000026f40000,0x0000000027040000)]
  0x00000000202de800 JavaThread "RxIoScheduler-1 (Evictor)" daemon [_thread_blocked, id=17068, stack(0x0000000029610000,0x0000000029710000)]
  0x00000000202dd800 JavaThread "spring.cloud.inetutils" daemon [_thread_blocked, id=14232, stack(0x00000000294c0000,0x00000000295c0000)]
  0x00000000202dc800 JavaThread "container-0" [_thread_blocked, id=15384, stack(0x0000000020f20000,0x0000000021020000)]
  0x00000000202dc000 JavaThread "ContainerBackgroundProcessor[StandardEngine[Tomcat]]" daemon [_thread_blocked, id=17108, stack(0x000000001da50000,0x000000001db50000)]
  0x000000001f98c800 JavaThread "AsyncAppender-Worker-ASYNC" daemon [_thread_blocked, id=16628, stack(0x00000000210d0000,0x00000000211d0000)]
  0x000000001f1c6800 JavaThread "AsyncAppender-Worker-ASYNC" daemon [_thread_blocked, id=8392, stack(0x00000000214f0000,0x00000000215f0000)]
  0x000000001d42b800 JavaThread "Service Thread" daemon [_thread_blocked, id=16888, stack(0x000000001e3b0000,0x000000001e4b0000)]
  0x000000001d42a800 JavaThread "C1 CompilerThread2" daemon [_thread_blocked, id=10600, stack(0x000000001e1f0000,0x000000001e2f0000)]
=>0x000000001d42a000 JavaThread "C2 CompilerThread1" daemon [_thread_in_native, id=12232, stack(0x000000001dfe0000,0x000000001e0e0000)]
  0x000000001d428000 JavaThread "C2 CompilerThread0" daemon [_thread_blocked, id=16356, stack(0x000000001dc60000,0x000000001dd60000)]
  0x000000001d410800 JavaThread "JDWP Command Reader" daemon [_thread_in_native, id=17640, stack(0x000000001dea0000,0x000000001dfa0000)]
  0x000000001d40a000 JavaThread "JDWP Event Helper Thread" daemon [_thread_blocked, id=14268, stack(0x000000001dda0000,0x000000001dea0000)]
  0x000000001d401800 JavaThread "JDWP Transport Listener: dt_socket" daemon [_thread_blocked, id=17648, stack(0x000000001db60000,0x000000001dc60000)]
  0x000000001bf8e800 JavaThread "Attach Listener" daemon [_thread_blocked, id=15068, stack(0x000000001d950000,0x000000001da50000)]
  0x000000001bf86800 JavaThread "Signal Dispatcher" daemon [_thread_blocked, id=13012, stack(0x000000001cff0000,0x000000001d0f0000)]
  0x000000001bf71800 JavaThread "Finalizer" daemon [_thread_blocked, id=13168, stack(0x000000001d2d0000,0x000000001d3d0000)]
  0x000000001bf2a800 JavaThread "Reference Handler" daemon [_thread_blocked, id=13048, stack(0x000000001d190000,0x000000001d290000)]

Other Threads:
  0x000000001bf23000 VMThread [stack: 0x000000001ced0000,0x000000001cfd0000] [id=14732]
  0x000000001d501800 WatcherThread [stack: 0x000000001d7e0000,0x000000001d8e0000] [id=16900]

VM state:not at safepoint (normal execution)

VM Mutex/Monitor currently owned by a thread: None

Heap:
 PSYoungGen      total 769024K, used 635906K [0x000000076b580000, 0x00000007a4400000, 0x00000007c0000000)
  eden space 754688K, 82% used [0x000000076b580000,0x00000007914d0838,0x0000000799680000)
  from space 14336K, 97% used [0x00000007a3600000,0x00000007a43b0000,0x00000007a4400000)
  to   space 26624K, 0% used [0x00000007a1000000,0x00000007a1000000,0x00000007a2a00000)
 ParOldGen       total 199168K, used 35377K [0x00000006c2000000, 0x00000006ce280000, 0x000000076b580000)
  object space 199168K, 17% used [0x00000006c2000000,0x00000006c428c7a0,0x00000006ce280000)
 Metaspace       used 61531K, capacity 62462K, committed 62592K, reserved 1103872K
  class space    used 7569K, capacity 7765K, committed 7808K, reserved 1048576K

Card table byte_map: [0x0000000011b00000,0x0000000012300000] byte_map_base: 0x000000000e4f0000

Marking Bits: (ParMarkBitMap*) 0x00000000612264f0
 Begin Bits: [0x0000000012ea0000, 0x0000000016e20000)
 End Bits:   [0x0000000016e20000, 0x000000001ada0000)

Polling page: 0x0000000000430000

CodeCache: size=245760Kb used=33877Kb max_used=33889Kb free=211882Kb
 bounds [0x0000000002740000, 0x00000000048a0000, 0x0000000011740000]
 total_blobs=9201 nmethods=8658 adapters=462
 compilation: enabled

Compilation events (10 events):
Event: 3099.011 Thread 0x000000001d42a800 nmethod 10964 0x0000000002f06950 code [0x0000000002f06b20, 0x0000000002f07478]
Event: 3099.011 Thread 0x000000001d42a800 10965       1       ch.qos.logback.classic.spi.StackTraceElementProxy::getClassPackagingData (5 bytes)
Event: 3099.011 Thread 0x000000001d42a800 nmethod 10965 0x0000000002ddbd90 code [0x0000000002ddbee0, 0x0000000002ddbff0]
Event: 3099.019 Thread 0x000000001d42a800 10966       3       ch.qos.logback.classic.spi.ThrowableProxyUtil::indent (21 bytes)
Event: 3099.020 Thread 0x000000001d42a800 nmethod 10966 0x0000000002a28090 code [0x0000000002a28220, 0x0000000002a28728]
Event: 3099.020 Thread 0x000000001d42a800 10967       3       ch.qos.logback.classic.pattern.ThrowableProxyConverter::isIgnoredStackTraceLine (51 bytes)
Event: 3099.021 Thread 0x000000001d42a800 nmethod 10967 0x0000000002a27090 code [0x0000000002a27280, 0x0000000002a27c38]
Event: 3099.025 Thread 0x000000001d42a000 10968       4       org.apache.catalina.connector.RequestFacade::getHeader (32 bytes)
Event: 3099.026 Thread 0x000000001d428000 10969       4       java.lang.Enum::hashCode (5 bytes)
Event: 3099.027 Thread 0x000000001d428000 nmethod 10969 0x00000000034291d0 code [0x0000000003429320, 0x00000000034293c8]

GC Heap History (10 events):
Event: 41.446 GC heap before
{Heap before GC invocations=17 (full 3):
 PSYoungGen      total 649728K, used 1340K [0x000000076b580000, 0x0000000795d00000, 0x00000007c0000000)
  eden space 619008K, 0% used [0x000000076b580000,0x000000076b580000,0x0000000791200000)
  from space 30720K, 4% used [0x0000000793080000,0x00000007931cf208,0x0000000794e80000)
  to   space 31232K, 0% used [0x0000000791200000,0x0000000791200000,0x0000000793080000)
 ParOldGen       total 146432K, used 47861K [0x00000006c2000000, 0x00000006caf00000, 0x000000076b580000)
  object space 146432K, 32% used [0x00000006c2000000,0x00000006c4ebd4a8,0x00000006caf00000)
 Metaspace       used 58088K, capacity 58808K, committed 59096K, reserved 1101824K
  class space    used 7381K, capacity 7524K, committed 7552K, reserved 1048576K
Event: 41.803 GC heap after
Heap after GC invocations=17 (full 3):
 PSYoungGen      total 649728K, used 0K [0x000000076b580000, 0x0000000795d00000, 0x00000007c0000000)
  eden space 619008K, 0% used [0x000000076b580000,0x000000076b580000,0x0000000791200000)
  from space 30720K, 0% used [0x0000000793080000,0x0000000793080000,0x0000000794e80000)
  to   space 31232K, 0% used [0x0000000791200000,0x0000000791200000,0x0000000793080000)
 ParOldGen       total 199168K, used 34089K [0x00000006c2000000, 0x00000006ce280000, 0x000000076b580000)
  object space 199168K, 17% used [0x00000006c2000000,0x00000006c414a6b0,0x00000006ce280000)
 Metaspace       used 58088K, capacity 58808K, committed 59096K, reserved 1101824K
  class space    used 7381K, capacity 7524K, committed 7552K, reserved 1048576K
}
Event: 518.523 GC heap before
{Heap before GC invocations=18 (full 3):
 PSYoungGen      total 649728K, used 619008K [0x000000076b580000, 0x0000000795d00000, 0x00000007c0000000)
  eden space 619008K, 100% used [0x000000076b580000,0x0000000791200000,0x0000000791200000)
  from space 30720K, 0% used [0x0000000793080000,0x0000000793080000,0x0000000794e80000)
  to   space 31232K, 0% used [0x0000000791200000,0x0000000791200000,0x0000000793080000)
 ParOldGen       total 199168K, used 34089K [0x00000006c2000000, 0x00000006ce280000, 0x000000076b580000)
  object space 199168K, 17% used [0x00000006c2000000,0x00000006c414a6b0,0x00000006ce280000)
 Metaspace       used 59980K, capacity 60928K, committed 61056K, reserved 1101824K
  class space    used 7556K, capacity 7728K, committed 7808K, reserved 1048576K
Event: 518.544 GC heap after
Heap after GC invocations=18 (full 3):
 PSYoungGen      total 650240K, used 10637K [0x000000076b580000, 0x00000007a0200000, 0x00000007c0000000)
  eden space 619008K, 0% used [0x000000076b580000,0x000000076b580000,0x0000000791200000)
  from space 31232K, 34% used [0x0000000791200000,0x0000000791c636a0,0x0000000793080000)
  to   space 30208K, 0% used [0x000000079e480000,0x000000079e480000,0x00000007a0200000)
 ParOldGen       total 199168K, used 34097K [0x00000006c2000000, 0x00000006ce280000, 0x000000076b580000)
  object space 199168K, 17% used [0x00000006c2000000,0x00000006c414c6b0,0x00000006ce280000)
 Metaspace       used 59980K, capacity 60928K, committed 61056K, reserved 1101824K
  class space    used 7556K, capacity 7728K, committed 7808K, reserved 1048576K
}
Event: 1019.357 GC heap before
{Heap before GC invocations=19 (full 3):
 PSYoungGen      total 650240K, used 629645K [0x000000076b580000, 0x00000007a0200000, 0x00000007c0000000)
  eden space 619008K, 100% used [0x000000076b580000,0x0000000791200000,0x0000000791200000)
  from space 31232K, 34% used [0x0000000791200000,0x0000000791c636a0,0x0000000793080000)
  to   space 30208K, 0% used [0x000000079e480000,0x000000079e480000,0x00000007a0200000)
 ParOldGen       total 199168K, used 34097K [0x00000006c2000000, 0x00000006ce280000, 0x000000076b580000)
  object space 199168K, 17% used [0x00000006c2000000,0x00000006c414c6b0,0x00000006ce280000)
 Metaspace       used 60479K, capacity 61382K, committed 61568K, reserved 1103872K
  class space    used 7556K, capacity 7729K, committed 7808K, reserved 1048576K
Event: 1019.378 GC heap after
Heap after GC invocations=19 (full 3):
 PSYoungGen      total 788480K, used 10240K [0x000000076b580000, 0x000000079ee80000, 0x00000007c0000000)
  eden space 778240K, 0% used [0x000000076b580000,0x000000076b580000,0x000000079ad80000)
  from space 10240K, 100% used [0x000000079e480000,0x000000079ee80000,0x000000079ee80000)
  to   space 28672K, 0% used [0x000000079b680000,0x000000079b680000,0x000000079d280000)
 ParOldGen       total 199168K, used 35361K [0x00000006c2000000, 0x00000006ce280000, 0x000000076b580000)
  object space 199168K, 17% used [0x00000006c2000000,0x00000006c42887a0,0x00000006ce280000)
 Metaspace       used 60479K, capacity 61382K, committed 61568K, reserved 1103872K
  class space    used 7556K, capacity 7729K, committed 7808K, reserved 1048576K
}
Event: 1718.704 GC heap before
{Heap before GC invocations=20 (full 3):
 PSYoungGen      total 788480K, used 788480K [0x000000076b580000, 0x000000079ee80000, 0x00000007c0000000)
  eden space 778240K, 100% used [0x000000076b580000,0x000000079ad80000,0x000000079ad80000)
  from space 10240K, 100% used [0x000000079e480000,0x000000079ee80000,0x000000079ee80000)
  to   space 28672K, 0% used [0x000000079b680000,0x000000079b680000,0x000000079d280000)
 ParOldGen       total 199168K, used 35361K [0x00000006c2000000, 0x00000006ce280000, 0x000000076b580000)
  object space 199168K, 17% used [0x00000006c2000000,0x00000006c42887a0,0x00000006ce280000)
 Metaspace       used 60997K, capacity 61976K, committed 62336K, reserved 1103872K
  class space    used 7559K, capacity 7732K, committed 7808K, reserved 1048576K
Event: 1718.740 GC heap after
Heap after GC invocations=20 (full 3):
 PSYoungGen      total 816128K, used 13440K [0x000000076b580000, 0x00000007a5100000, 0x00000007c0000000)
  eden space 787456K, 0% used [0x000000076b580000,0x000000076b580000,0x000000079b680000)
  from space 28672K, 46% used [0x000000079b680000,0x000000079c3a0000,0x000000079d280000)
  to   space 27648K, 0% used [0x00000007a3600000,0x00000007a3600000,0x00000007a5100000)
 ParOldGen       total 199168K, used 35369K [0x00000006c2000000, 0x00000006ce280000, 0x000000076b580000)
  object space 199168K, 17% used [0x00000006c2000000,0x00000006c428a7a0,0x00000006ce280000)
 Metaspace       used 60997K, capacity 61976K, committed 62336K, reserved 1103872K
  class space    used 7559K, capacity 7732K, committed 7808K, reserved 1048576K
}
Event: 2518.335 GC heap before
{Heap before GC invocations=21 (full 3):
 PSYoungGen      total 816128K, used 800896K [0x000000076b580000, 0x00000007a5100000, 0x00000007c0000000)
  eden space 787456K, 100% used [0x000000076b580000,0x000000079b680000,0x000000079b680000)
  from space 28672K, 46% used [0x000000079b680000,0x000000079c3a0000,0x000000079d280000)
  to   space 27648K, 0% used [0x00000007a3600000,0x00000007a3600000,0x00000007a5100000)
 ParOldGen       total 199168K, used 35369K [0x00000006c2000000, 0x00000006ce280000, 0x000000076b580000)
  object space 199168K, 17% used [0x00000006c2000000,0x00000006c428a7a0,0x00000006ce280000)
 Metaspace       used 61350K, capacity 62296K, committed 62592K, reserved 1103872K
  class space    used 7559K, capacity 7732K, committed 7808K, reserved 1048576K
Event: 2518.361 GC heap after
Heap after GC invocations=21 (full 3):
 PSYoungGen      total 769024K, used 14016K [0x000000076b580000, 0x00000007a4400000, 0x00000007c0000000)
  eden space 754688K, 0% used [0x000000076b580000,0x000000076b580000,0x0000000799680000)
  from space 14336K, 97% used [0x00000007a3600000,0x00000007a43b0000,0x00000007a4400000)
  to   space 26624K, 0% used [0x00000007a1000000,0x00000007a1000000,0x00000007a2a00000)
 ParOldGen       total 199168K, used 35377K [0x00000006c2000000, 0x00000006ce280000, 0x000000076b580000)
  object space 199168K, 17% used [0x00000006c2000000,0x00000006c428c7a0,0x00000006ce280000)
 Metaspace       used 61350K, capacity 62296K, committed 62592K, reserved 1103872K
  class space    used 7559K, capacity 7732K, committed 7808K, reserved 1048576K
}

Deoptimization events (10 events):
Event: 2281.461 Thread 0x0000000026597000 Uncommon trap: reason=array_check action=maybe_recompile pc=0x000000000326c22c method=java.util.TimSort.binarySort([Ljava/lang/Object;IIILjava/util/Comparator;)V @ 215
Event: 2281.462 Thread 0x0000000026597000 Uncommon trap: reason=array_check action=maybe_recompile pc=0x000000000326c22c method=java.util.TimSort.binarySort([Ljava/lang/Object;IIILjava/util/Comparator;)V @ 215
Event: 2528.664 Thread 0x000000001f1ee800 Uncommon trap: reason=array_check action=maybe_recompile pc=0x000000000477db38 method=java.util.TimSort.reverseRange([Ljava/lang/Object;II)V @ 27
Event: 2546.430 Thread 0x000000002659a000 Uncommon trap: reason=unstable_if action=reinterpret pc=0x000000000438c000 method=java.util.concurrent.locks.ReentrantLock$Sync.nonfairTryAcquire(I)Z @ 19
Event: 2828.678 Thread 0x000000001f34a800 Uncommon trap: reason=array_check action=maybe_recompile pc=0x000000000477db38 method=java.util.TimSort.reverseRange([Ljava/lang/Object;II)V @ 27
Event: 3099.017 Thread 0x0000000028418000 Uncommon trap: reason=unstable_if action=reinterpret pc=0x0000000003b0f300 method=java.util.logging.Logger.isLoggable(Ljava/util/logging/Level;)Z @ 8
Event: 3099.027 Thread 0x0000000028418000 Uncommon trap: reason=class_check action=maybe_recompile pc=0x0000000003840148 method=org.springframework.core.ResolvableType.resolveType()Lorg/springframework/core/ResolvableType; @ 14
Event: 3099.027 Thread 0x0000000028418000 Uncommon trap: reason=class_check action=maybe_recompile pc=0x0000000003840148 method=org.springframework.core.ResolvableType.resolveType()Lorg/springframework/core/ResolvableType; @ 14
Event: 3099.029 Thread 0x0000000028418000 Uncommon trap: reason=array_check action=maybe_recompile pc=0x0000000003f06c9c method=java.util.TimSort.binarySort([Ljava/lang/Object;IIILjava/util/Comparator;)V @ 183
Event: 3099.029 Thread 0x0000000028418000 Uncommon trap: reason=array_check action=maybe_recompile pc=0x0000000003f06c9c method=java.util.TimSort.binarySort([Ljava/lang/Object;IIILjava/util/Comparator;)V @ 183

Internal exceptions (10 events):
Event: 3098.802 Thread 0x0000000028418000 Exception <a 'java/io/FileNotFoundException'> (0x0000000787d4f658) thrown at [D:\re\workspace\8-2-build-windows-amd64-cygwin\jdk8u92\6642\hotspot\src\share\vm\prims\jni.cpp, line 709]
Event: 3098.802 Thread 0x0000000028418000 Exception <a 'java/io/FileNotFoundException'> (0x0000000787d50418) thrown at [D:\re\workspace\8-2-build-windows-amd64-cygwin\jdk8u92\6642\hotspot\src\share\vm\prims\jni.cpp, line 709]
Event: 3098.814 Thread 0x0000000028418000 Exception <a 'java/io/FileNotFoundException'> (0x0000000787d5ca58) thrown at [D:\re\workspace\8-2-build-windows-amd64-cygwin\jdk8u92\6642\hotspot\src\share\vm\prims\jni.cpp, line 709]
Event: 3098.814 Thread 0x0000000028418000 Exception <a 'java/io/FileNotFoundException'> (0x0000000787d5d720) thrown at [D:\re\workspace\8-2-build-windows-amd64-cygwin\jdk8u92\6642\hotspot\src\share\vm\prims\jni.cpp, line 709]
Event: 3098.814 Thread 0x0000000028418000 Exception <a 'java/io/FileNotFoundException'> (0x0000000787d5e4e0) thrown at [D:\re\workspace\8-2-build-windows-amd64-cygwin\jdk8u92\6642\hotspot\src\share\vm\prims\jni.cpp, line 709]
Event: 3098.823 Thread 0x0000000028418000 Exception <a 'java/io/FileNotFoundException'> (0x0000000787d656c8) thrown at [D:\re\workspace\8-2-build-windows-amd64-cygwin\jdk8u92\6642\hotspot\src\share\vm\prims\jni.cpp, line 709]
Event: 3098.823 Thread 0x0000000028418000 Exception <a 'java/io/FileNotFoundException'> (0x0000000787d66518) thrown at [D:\re\workspace\8-2-build-windows-amd64-cygwin\jdk8u92\6642\hotspot\src\share\vm\prims\jni.cpp, line 709]
Event: 3098.823 Thread 0x0000000028418000 Exception <a 'java/io/FileNotFoundException'> (0x0000000787d673c8) thrown at [D:\re\workspace\8-2-build-windows-amd64-cygwin\jdk8u92\6642\hotspot\src\share\vm\prims\jni.cpp, line 709]
Event: 3098.823 Thread 0x0000000028418000 Exception <a 'java/io/FileNotFoundException'> (0x0000000787d682a8) thrown at [D:\re\workspace\8-2-build-windows-amd64-cygwin\jdk8u92\6642\hotspot\src\share\vm\prims\jni.cpp, line 709]
Event: 3098.993 Thread 0x0000000028418000 Exception <a 'java/lang/Error': IP Helper Library GetIpAddrTable function failed> (0x00000007911746f8) thrown at [D:\re\workspace\8-2-build-windows-amd64-cygwin\jdk8u92\6642\hotspot\src\share\vm\prims\jni.cpp, line 735]

Events (10 events):
Event: 3099.027 Thread 0x0000000028418000 DEOPT PACKING pc=0x0000000003840148 sp=0x000000002ac4dd40
Event: 3099.027 Thread 0x0000000028418000 DEOPT UNPACKING pc=0x000000000278582a sp=0x000000002ac4dd50 mode 2
Event: 3099.027 Thread 0x0000000028418000 DEOPT PACKING pc=0x00000000030462a4 sp=0x000000002ac4dcb0
Event: 3099.027 Thread 0x0000000028418000 DEOPT UNPACKING pc=0x000000000278787f sp=0x000000002ac4da50 mode 1
Event: 3099.029 Thread 0x0000000028418000 Uncommon trap: trap_request=0xffffffd6 fr.pc=0x0000000003f06c9c
Event: 3099.029 Thread 0x0000000028418000 DEOPT PACKING pc=0x0000000003f06c9c sp=0x000000002ac4de60
Event: 3099.029 Thread 0x0000000028418000 DEOPT UNPACKING pc=0x000000000278582a sp=0x000000002ac4dd90 mode 2
Event: 3099.029 Thread 0x0000000028418000 Uncommon trap: trap_request=0xffffffd6 fr.pc=0x0000000003f06c9c
Event: 3099.029 Thread 0x0000000028418000 DEOPT PACKING pc=0x0000000003f06c9c sp=0x000000002ac4de60
Event: 3099.029 Thread 0x0000000028418000 DEOPT UNPACKING pc=0x000000000278582a sp=0x000000002ac4dd90 mode 2


Dynamic libraries:
0x000000013fc00000 - 0x000000013fc37000 	C:\Program Files\Java\jdk1.8.0_92\bin\java.exe
0x0000000077c60000 - 0x0000000077e0a000 	C:\Windows\SYSTEM32\ntdll.dll
0x0000000077a40000 - 0x0000000077b5f000 	C:\Windows\system32\kernel32.dll
0x000007fefde30000 - 0x000007fefde9a000 	C:\Windows\system32\KERNELBASE.dll
0x000007fefe6f0000 - 0x000007fefe7cb000 	C:\Windows\system32\ADVAPI32.dll
0x000007feffc90000 - 0x000007feffd2f000 	C:\Windows\system32\msvcrt.dll
0x000007fefff20000 - 0x000007fefff3f000 	C:\Windows\SYSTEM32\sechost.dll
0x000007feffb60000 - 0x000007feffc8d000 	C:\Windows\system32\RPCRT4.dll
0x0000000077b60000 - 0x0000000077c5a000 	C:\Windows\system32\USER32.dll
0x000007feffd30000 - 0x000007feffd97000 	C:\Windows\system32\GDI32.dll
0x000007feffe40000 - 0x000007feffe4e000 	C:\Windows\system32\LPK.dll
0x000007fefe440000 - 0x000007fefe50b000 	C:\Windows\system32\USP10.dll
0x000007fefc3e0000 - 0x000007fefc5d4000 	C:\Windows\WinSxS\amd64_microsoft.windows.common-controls_6595b64144ccf1df_6.0.7601.17514_none_fa396087175ac9ac\COMCTL32.dll
0x000007feffe50000 - 0x000007feffec1000 	C:\Windows\system32\SHLWAPI.dll
0x000007fefff40000 - 0x000007fefff6e000 	C:\Windows\system32\IMM32.DLL
0x000007fefdf80000 - 0x000007fefe089000 	C:\Windows\system32\MSCTF.dll
0x0000000062190000 - 0x0000000062262000 	C:\Program Files\Java\jdk1.8.0_92\jre\bin\msvcr100.dll
0x0000000060a10000 - 0x00000000612a6000 	C:\Program Files\Java\jdk1.8.0_92\jre\bin\server\jvm.dll
0x000007fef54c0000 - 0x000007fef54c9000 	C:\Windows\system32\WSOCK32.dll
0x000007feffed0000 - 0x000007fefff1d000 	C:\Windows\system32\WS2_32.dll
0x000007fefe9b0000 - 0x000007fefe9b8000 	C:\Windows\system32\NSI.dll
0x000007fefb960000 - 0x000007fefb99b000 	C:\Windows\system32\WINMM.dll
0x000007fefcce0000 - 0x000007fefccec000 	C:\Windows\system32\VERSION.dll
0x0000000077e20000 - 0x0000000077e27000 	C:\Windows\system32\PSAPI.DLL
0x0000000071610000 - 0x000000007161f000 	C:\Program Files\Java\jdk1.8.0_92\jre\bin\verify.dll
0x0000000070c10000 - 0x0000000070c39000 	C:\Program Files\Java\jdk1.8.0_92\jre\bin\java.dll
0x000000006e950000 - 0x000000006e985000 	C:\Program Files\Java\jdk1.8.0_92\jre\bin\jdwp.dll
0x0000000071320000 - 0x0000000071328000 	C:\Program Files\Java\jdk1.8.0_92\jre\bin\npt.dll
0x00000000715f0000 - 0x0000000071606000 	C:\Program Files\Java\jdk1.8.0_92\jre\bin\zip.dll
0x000007fefedd0000 - 0x000007feffb5b000 	C:\Windows\system32\SHELL32.dll
0x000007fefebc0000 - 0x000007fefedc3000 	C:\Windows\system32\ole32.dll
0x000007fefdbb0000 - 0x000007fefdbbf000 	C:\Windows\system32\profapi.dll
0x0000000071330000 - 0x0000000071339000 	C:\Program Files\Java\jdk1.8.0_92\jre\bin\dt_socket.dll
0x000007fefd3f0000 - 0x000007fefd445000 	C:\Windows\system32\mswsock.dll
0x000007fefcdb0000 - 0x000007fefcdb7000 	C:\Windows\System32\wshtcpip.dll
0x0000000070bf0000 - 0x0000000070c0a000 	C:\Program Files\Java\jdk1.8.0_92\jre\bin\net.dll
0x000007fefd3e0000 - 0x000007fefd3e7000 	C:\Windows\System32\wship6.dll
0x000007fefb480000 - 0x000007fefb4a7000 	C:\Windows\system32\IPHLPAPI.DLL
0x000007fefb470000 - 0x000007fefb47b000 	C:\Windows\system32\WINNSI.DLL
0x000007fefafe0000 - 0x000007fefaff8000 	C:\Windows\system32\dhcpcsvc.DLL
0x000007fefafc0000 - 0x000007fefafd1000 	C:\Windows\system32\dhcpcsvc6.DLL
0x000007fefd270000 - 0x000007fefd2cb000 	C:\Windows\system32\DNSAPI.dll
0x000007fef94a0000 - 0x000007fef94a8000 	C:\Windows\system32\rasadhlp.dll
0x000000006e940000 - 0x000000006e94d000 	C:\Program Files\Java\jdk1.8.0_92\jre\bin\management.dll
0x000007fefb9a0000 - 0x000007fefb9b5000 	C:\Windows\system32\NLAapi.dll
0x000007fef93e0000 - 0x000007fef93f5000 	C:\Windows\system32\napinsp.dll
0x000007fef93c0000 - 0x000007fef93d9000 	C:\Windows\system32\pnrpnsp.dll
0x000007fef93b0000 - 0x000007fef93bb000 	C:\Windows\System32\winrnr.dll
0x000007fefb080000 - 0x000007fefb0d3000 	C:\Windows\System32\fwpuclnt.dll
0x000000006e290000 - 0x000000006e2a1000 	C:\Program Files\Java\jdk1.8.0_92\jre\bin\nio.dll
0x000007fefd450000 - 0x000007fefd467000 	C:\Windows\system32\CRYPTSP.dll
0x000007fefd150000 - 0x000007fefd197000 	C:\Windows\system32\rsaenh.dll
0x000007fefced0000 - 0x000007fefceee000 	C:\Windows\system32\USERENV.dll
0x000007fefdae0000 - 0x000007fefdaef000 	C:\Windows\system32\CRYPTBASE.dll
0x0000000074840000 - 0x0000000074864000 	C:\Program Files\Java\jdk1.8.0_92\jre\bin\sunec.dll
0x0000000056350000 - 0x000000005635b000 	C:\Program Files\Java\jdk1.8.0_92\jre\bin\sunmscapi.dll
0x000007fefdc60000 - 0x000007fefddc7000 	C:\Windows\system32\CRYPT32.dll
0x000007fefdc50000 - 0x000007fefdc5f000 	C:\Windows\system32\MSASN1.dll

VM Arguments:
jvm_args: -agentlib:jdwp=transport=dt_socket,address=127.0.0.1:56626,suspend=y,server=n -Dfile.encoding=UTF-8 
java_command: com.github.prontera.ConfigMsApplication
java_class_path (initial): C:\Program Files\Java\jdk1.8.0_92\jre\lib\charsets.jar;C:\Program Files\Java\jdk1.8.0_92\jre\lib\deploy.jar;C:\Program Files\Java\jdk1.8.0_92\jre\lib\ext\access-bridge-64.jar;C:\Program Files\Java\jdk1.8.0_92\jre\lib\ext\cldrdata.jar;C:\Program Files\Java\jdk1.8.0_92\jre\lib\ext\dnsns.jar;C:\Program Files\Java\jdk1.8.0_92\jre\lib\ext\jaccess.jar;C:\Program Files\Java\jdk1.8.0_92\jre\lib\ext\jfxrt.jar;C:\Program Files\Java\jdk1.8.0_92\jre\lib\ext\localedata.jar;C:\Program Files\Java\jdk1.8.0_92\jre\lib\ext\nashorn.jar;C:\Program Files\Java\jdk1.8.0_92\jre\lib\ext\sunec.jar;C:\Program Files\Java\jdk1.8.0_92\jre\lib\ext\sunjce_provider.jar;C:\Program Files\Java\jdk1.8.0_92\jre\lib\ext\sunmscapi.jar;C:\Program Files\Java\jdk1.8.0_92\jre\lib\ext\sunpkcs11.jar;C:\Program Files\Java\jdk1.8.0_92\jre\lib\ext\zipfs.jar;C:\Program Files\Java\jdk1.8.0_92\jre\lib\javaws.jar;C:\Program Files\Java\jdk1.8.0_92\jre\lib\jce.jar;C:\Program Files\Java\jdk1.8.0_92\jre\lib\jfr.jar;C:\Program Files\Java\jdk1.8.0_92\jre\lib\jfxswt.jar;C:\Program Files\Java\jdk1.8.0_92\jre\lib\jsse.jar;C:\Program Files\Java\jdk1.8.0_92\jre\lib\management-agent.jar;C:\Program Files\Java\jdk1.8.0_92\jre\lib\plugin.jar;C:\Program Files\Java\jdk1.8.0_92\jre\lib\resources.jar;C:\Program Files\Java\jdk1.8.0_92\jre\lib\rt.jar;H:\java\spring-cloud-rest-tcc\config-ms\target\classes;C:\Users\chen\.m2\repository\org\springframework\cloud\spring-cloud-config-server\1.2.3.RELEASE\spring-cloud-config-server-1.2.3.RELEASE.jar;C:\Users\chen\.m2\repository\org\springframework\cloud\spring-cloud-config-client\1.2.3.RELEASE\spring-cloud-config-client-1.2.3.RELEASE.jar;C:\Users\chen\.m2\repository\org\springframework\boot\spring-boot-autoconfigure\1.5.2.RELEASE\spring-boot-autoconfigure-1.5.2.RELEASE.jar;C:\Users\chen\.m2\repository\org\springframework\cloud\spring-cloud-commons\1.1.8.RELEASE\spring-cloud-commons-1.1.8.RELEASE.jar;C:\Users\chen\.m2\repository\org\springframework\cloud\spring-cloud-
Launcher Type: SUN_STANDARD

Environment Variables:
JAVA_HOME=C:\Program Files\Java\jdk1.8.0_92
CLASSPATH=.;C:\Program Files\Java\jdk1.8.0_92\lib\dt.jar;C:\Program Files\Java\jdk1.8.0_92\lib\tools.jar;
PATH=C:\ProgramData\Oracle\Java\javapath;C:\Windows\system32;C:\Windows;C:\Windows\System32\Wbem;C:\Windows\System32\WindowsPowerShell\v1.0\;C:\Program Files (x86)\Intel\OpenCL SDK\2.0\bin\x86;C:\Program Files (x86)\Intel\OpenCL SDK\2.0\bin\x64;D:\TortoiseGit\bin;D:\nodejs\;C:\Program Files\Java\jdk1.8.0_92\bin;D:\mysql-5.7\bin;D:\hadoop-2.6.1\bin;D:\Python36\Scripts\django-admin.exe;D:\Python36\Scripts\;D:\Python36\;C:\Users\chen\AppData\Roaming\npm
USERNAME=chen
OS=Windows_NT
PROCESSOR_IDENTIFIER=Intel64 Family 6 Model 42 Stepping 7, GenuineIntel



---------------  S Y S T E M  ---------------

OS: Windows 7 , 64 bit Build 7601 (6.1.7601.23807)

CPU:total 4 (2 cores per cpu, 2 threads per core) family 6 model 42 stepping 7, cmov, cx8, fxsr, mmx, sse, sse2, sse3, ssse3, sse4.1, sse4.2, popcnt, avx, aes, clmul, ht, tsc, tscinvbit

Memory: 4k page, physical 16640876k(3280784k free), swap 17687592k(4532k free)

vm_info: Java HotSpot(TM) 64-Bit Server VM (25.92-b14) for windows-amd64 JRE (1.8.0_92-b14), built on Mar 31 2016 21:03:04 by "java_re" with MS VC++ 10.0 (VS2010)

time: Thu Oct 12 21:52:09 2017
elapsed time: 3099 seconds (0d 0h 51m 39s)

