#
# There is insufficient memory for the Java Runtime Environment to continue.
# Native memory allocation (malloc) failed to allocate 32744 bytes for ChunkPool::allocate
# Possible reasons:
#   The system is out of physical RAM or swap space
#   In 32 bit mode, the process size limit was hit
# Possible solutions:
#   Reduce memory load on the system
#   Increase physical memory or swap space
#   Check if swap backing store is full
#   Use 64 bit Java on a 64 bit OS
#   Decrease Java heap size (-Xmx/-Xms)
#   Decrease number of Java threads
#   Decrease Java thread stack sizes (-Xss)
#   Set larger code cache with -XX:ReservedCodeCacheSize=
# This output file may be truncated or incomplete.
#
#  Out of Memory Error (allocation.cpp:273), pid=1660, tid=0x00000000000055f8
#
# JRE version: Java(TM) SE Runtime Environment (8.0_92-b14) (build 1.8.0_92-b14)
# Java VM: Java HotSpot(TM) 64-Bit Server VM (25.92-b14 mixed mode windows-amd64 compressed oops)
# Failed to write core dump. Minidumps are not enabled by default on client versions of Windows
#

---------------  T H R E A D  ---------------

Current thread (0x000000001d5aa800):  JavaThread "C1 CompilerThread2" daemon [_thread_in_native, id=22008, stack(0x000000001d180000,0x000000001d280000)]

Stack: [0x000000001d180000,0x000000001d280000]
[error occurred during error reporting (printing stack bounds), id 0xc0000005]

Native frames: (J=compiled Java code, j=interpreted, Vv=VM code, C=native code)


Current CompileTask:
C1:  47255 5967   !   1       org.springframework.beans.AbstractNestablePropertyAccessor::getPropertyValue (1008 bytes)


---------------  P R O C E S S  ---------------

Java Threads: ( => current thread )
  0x000000001f9bf000 JavaThread "Abandoned connection cleanup thread" daemon [_thread_blocked, id=17184, stack(0x0000000024190000,0x0000000024290000)]
  0x000000001f9be000 JavaThread "Tomcat JDBC Pool Cleaner[414493378:1507818267548]" daemon [_thread_blocked, id=5412, stack(0x0000000024bf0000,0x0000000024cf0000)]
  0x000000001f9b9800 JavaThread "RxIoScheduler-1 (Evictor)" daemon [_thread_blocked, id=5924, stack(0x0000000024800000,0x0000000024900000)]
  0x000000001f9bc800 JavaThread "container-0" [_thread_blocked, id=14396, stack(0x00000000242c0000,0x00000000243c0000)]
  0x000000001f9bc000 JavaThread "ContainerBackgroundProcessor[StandardEngine[Tomcat]]" daemon [_thread_blocked, id=1896, stack(0x0000000024090000,0x0000000024190000)]
  0x000000001f9bb000 JavaThread "AsyncReporter(URLConnectionSender{encoding=THRIFT, messageMaxBytes=5242880, encoder=THRIFT, endpoint=http://localhost:9411/api/v1/spans, connectTimeout=10000, readTimeout=60000, compressionEnabled=false, mediaType=application/x-thrift})" daemon [_thread_blocked, id=12516, stack(0x00000000231a0000,0x00000000232a0000)]
  0x000000001f9b9000 JavaThread "AsyncAppender-Worker-ASYNC" daemon [_thread_blocked, id=17844, stack(0x0000000023320000,0x0000000023420000)]
  0x000000001fcff000 JavaThread "AsyncAppender-Worker-ASYNC" daemon [_thread_blocked, id=1568, stack(0x0000000021d60000,0x0000000021e60000)]
  0x000000001fc1a800 JavaThread "AsyncResolver-bootstrap-0" daemon [_thread_blocked, id=7680, stack(0x000000001ffb0000,0x00000000200b0000)]
  0x000000001eb7b800 JavaThread "spring.cloud.inetutils" daemon [_thread_blocked, id=21704, stack(0x00000000208a0000,0x00000000209a0000)]
  0x000000001ef7b800 JavaThread "AsyncAppender-Worker-ASYNC" daemon [_thread_blocked, id=20256, stack(0x00000000202c0000,0x00000000203c0000)]
  0x000000001d55a800 JavaThread "Service Thread" daemon [_thread_blocked, id=17792, stack(0x000000001e190000,0x000000001e290000)]
=>0x000000001d5aa800 JavaThread "C1 CompilerThread2" daemon [_thread_in_native, id=22008, stack(0x000000001d180000,0x000000001d280000)]
  0x000000001d559800 JavaThread "C2 CompilerThread1" daemon [_thread_blocked, id=3224, stack(0x000000001e2e0000,0x000000001e3e0000)]
  0x000000001d55c000 JavaThread "C2 CompilerThread0" daemon [_thread_blocked, id=21832, stack(0x000000001e070000,0x000000001e170000)]
  0x000000001d542000 JavaThread "JDWP Command Reader" daemon [_thread_in_native, id=24672, stack(0x000000001da80000,0x000000001db80000)]
  0x000000001d53b000 JavaThread "JDWP Event Helper Thread" daemon [_thread_blocked, id=22136, stack(0x000000001dc90000,0x000000001dd90000)]
  0x000000001d532800 JavaThread "JDWP Transport Listener: dt_socket" daemon [_thread_blocked, id=21544, stack(0x000000001df00000,0x000000001e000000)]
  0x000000001d512800 JavaThread "Attach Listener" daemon [_thread_blocked, id=24536, stack(0x000000001db80000,0x000000001dc80000)]
  0x000000001c0af000 JavaThread "Signal Dispatcher" daemon [_thread_blocked, id=21976, stack(0x000000001d940000,0x000000001da40000)]
  0x000000001c093800 JavaThread "Finalizer" daemon [_thread_blocked, id=24320, stack(0x000000001d400000,0x000000001d500000)]
  0x000000001c04c000 JavaThread "Reference Handler" daemon [_thread_blocked, id=17888, stack(0x000000001d290000,0x000000001d390000)]
  0x00000000024f0800 JavaThread "main" [_thread_in_Java, id=19196, stack(0x0000000002740000,0x0000000002840000)]

Other Threads:
  0x000000001c044800 VMThread [stack: 0x000000001d060000,0x000000001d160000] [id=13660]
  0x000000001d5d5000 WatcherThread [stack: 0x000000001e470000,0x000000001e570000] [id=24088]

VM state:not at safepoint (normal execution)

VM Mutex/Monitor currently owned by a thread:  ([mutex/lock_event])
[0x00000000024edad0] CodeCache_lock - owner thread: 0x0000000000000000

Heap:
 PSYoungGen      total 1005056K, used 607437K [0x000000076b580000, 0x00000007ac100000, 0x00000007c0000000)
  eden space 978432K, 62% used [0x000000076b580000,0x00000007906b34f8,0x00000007a7100000)
  from space 26624K, 0% used [0x00000007aa700000,0x00000007aa700000,0x00000007ac100000)
  to   space 38400K, 0% used [0x00000007a7600000,0x00000007a7600000,0x00000007a9b80000)
 ParOldGen       total 107520K, used 104581K [0x00000006c2000000, 0x00000006c8900000, 0x000000076b580000)
  object space 107520K, 97% used [0x00000006c2000000,0x00000006c8621478,0x00000006c8900000)
 Metaspace       used 51850K, capacity 52580K, committed 53168K, reserved 1097728K
  class space    used 6816K, capacity 6989K, committed 7088K, reserved 1048576K

Card table byte_map: [0x0000000011c00000,0x0000000012400000] byte_map_base: 0x000000000e5f0000

Marking Bits: (ParMarkBitMap*) 0x000000005eaa64f0
 Begin Bits: [0x0000000012fc0000, 0x0000000016f40000)
 End Bits:   [0x0000000016f40000, 0x000000001aec0000)

Polling page: 0x0000000000330000

CodeCache: size=245760Kb used=12268Kb max_used=12271Kb free=233491Kb
 bounds [0x0000000002840000, 0x0000000003450000, 0x0000000011840000]
 total_blobs=6396 nmethods=5856 adapters=458
 compilation: enabled

Compilation events (10 events):
Event: 47.214 Thread 0x000000001d5aa800 nmethod 5963 0x00000000031ad6d0 code [0x00000000031ad840, 0x00000000031ad9b8]
Event: 47.214 Thread 0x000000001d5aa800 5962       1       org.springframework.beans.PropertyEditorRegistrySupport::findCustomEditor (116 bytes)
Event: 47.216 Thread 0x000000001d5aa800 nmethod 5962 0x00000000031db7d0 code [0x00000000031db9e0, 0x00000000031dc0c8]
Event: 47.217 Thread 0x000000001d5aa800 5964       1       org.springframework.beans.AbstractNestablePropertyAccessor::convertForProperty (15 bytes)
Event: 47.217 Thread 0x000000001d5aa800 nmethod 5964 0x0000000003197150 code [0x00000000031972a0, 0x0000000003197428]
Event: 47.217 Thread 0x000000001d5aa800 5965   !   1       org.springframework.beans.AbstractNestablePropertyAccessor::processLocalProperty (463 bytes)
Event: 47.222 Thread 0x000000001d5aa800 nmethod 5965 0x000000000343d750 code [0x000000000343dc40, 0x000000000343fd98]
Event: 47.222 Thread 0x000000001d5aa800 5966   !   1       org.springframework.beans.BeanWrapperImpl$BeanPropertyHandler::setValue (143 bytes)
Event: 47.223 Thread 0x000000001d5aa800 nmethod 5966 0x0000000003196390 code [0x00000000031965a0, 0x0000000003196ba8]
Event: 47.223 Thread 0x000000001d5aa800 5967   !   1       org.springframework.beans.AbstractNestablePropertyAccessor::getPropertyValue (1008 bytes)

GC Heap History (10 events):
Event: 33.844 GC heap before
{Heap before GC invocations=15 (full 2):
 PSYoungGen      total 1005056K, used 1004773K [0x000000076b580000, 0x00000007ac100000, 0x00000007c0000000)
  eden space 978432K, 100% used [0x000000076b580000,0x00000007a7100000,0x00000007a7100000)
  from space 26624K, 98% used [0x00000007aa700000,0x00000007ac0b9708,0x00000007ac100000)
  to   space 38400K, 0% used [0x00000007a7600000,0x00000007a7600000,0x00000007a9b80000)
 ParOldGen       total 107520K, used 58435K [0x00000006c2000000, 0x00000006c8900000, 0x000000076b580000)
  object space 107520K, 54% used [0x00000006c2000000,0x00000006c5910c98,0x00000006c8900000)
 Metaspace       used 47069K, capacity 47718K, committed 48176K, reserved 1091584K
  class space    used 6232K, capacity 6407K, committed 6448K, reserved 1048576K
Event: 33.883 GC heap after
Heap after GC invocations=15 (full 2):
 PSYoungGen      total 1016832K, used 38396K [0x000000076b580000, 0x00000007ac100000, 0x00000007c0000000)
  eden space 978432K, 0% used [0x000000076b580000,0x000000076b580000,0x00000007a7100000)
  from space 38400K, 99% used [0x00000007a7600000,0x00000007a9b7f090,0x00000007a9b80000)
  to   space 26624K, 0% used [0x00000007aa700000,0x00000007aa700000,0x00000007ac100000)
 ParOldGen       total 107520K, used 70625K [0x00000006c2000000, 0x00000006c8900000, 0x000000076b580000)
  object space 107520K, 65% used [0x00000006c2000000,0x00000006c64f87d0,0x00000006c8900000)
 Metaspace       used 47069K, capacity 47718K, committed 48176K, reserved 1091584K
  class space    used 6232K, capacity 6407K, committed 6448K, reserved 1048576K
}
Event: 38.850 GC heap before
{Heap before GC invocations=16 (full 2):
 PSYoungGen      total 1016832K, used 1016828K [0x000000076b580000, 0x00000007ac100000, 0x00000007c0000000)
  eden space 978432K, 100% used [0x000000076b580000,0x00000007a7100000,0x00000007a7100000)
  from space 38400K, 99% used [0x00000007a7600000,0x00000007a9b7f090,0x00000007a9b80000)
  to   space 26624K, 0% used [0x00000007aa700000,0x00000007aa700000,0x00000007ac100000)
 ParOldGen       total 107520K, used 70625K [0x00000006c2000000, 0x00000006c8900000, 0x000000076b580000)
  object space 107520K, 65% used [0x00000006c2000000,0x00000006c64f87d0,0x00000006c8900000)
 Metaspace       used 48332K, capacity 49028K, committed 49456K, reserved 1091584K
  class space    used 6399K, capacity 6588K, committed 6704K, reserved 1048576K
Event: 38.892 GC heap after
Heap after GC invocations=16 (full 2):
 PSYoungGen      total 1005056K, used 26601K [0x000000076b580000, 0x00000007ac100000, 0x00000007c0000000)
  eden space 978432K, 0% used [0x000000076b580000,0x000000076b580000,0x00000007a7100000)
  from space 26624K, 99% used [0x00000007aa700000,0x00000007ac0fa698,0x00000007ac100000)
  to   space 38400K, 0% used [0x00000007a7600000,0x00000007a7600000,0x00000007a9b80000)
 ParOldGen       total 107520K, used 96574K [0x00000006c2000000, 0x00000006c8900000, 0x000000076b580000)
  object space 107520K, 89% used [0x00000006c2000000,0x00000006c7e4f9f0,0x00000006c8900000)
 Metaspace       used 48332K, capacity 49028K, committed 49456K, reserved 1091584K
  class space    used 6399K, capacity 6588K, committed 6704K, reserved 1048576K
}
Event: 38.892 GC heap before
{Heap before GC invocations=17 (full 3):
 PSYoungGen      total 1005056K, used 26601K [0x000000076b580000, 0x00000007ac100000, 0x00000007c0000000)
  eden space 978432K, 0% used [0x000000076b580000,0x000000076b580000,0x00000007a7100000)
  from space 26624K, 99% used [0x00000007aa700000,0x00000007ac0fa698,0x00000007ac100000)
  to   space 38400K, 0% used [0x00000007a7600000,0x00000007a7600000,0x00000007a9b80000)
 ParOldGen       total 107520K, used 96574K [0x00000006c2000000, 0x00000006c8900000, 0x000000076b580000)
  object space 107520K, 89% used [0x00000006c2000000,0x00000006c7e4f9f0,0x00000006c8900000)
 Metaspace       used 48332K, capacity 49028K, committed 49456K, reserved 1091584K
  class space    used 6399K, capacity 6588K, committed 6704K, reserved 1048576K
Event: 39.263 GC heap after
Heap after GC invocations=17 (full 3):
 PSYoungGen      total 1005056K, used 0K [0x000000076b580000, 0x00000007ac100000, 0x00000007c0000000)
  eden space 978432K, 0% used [0x000000076b580000,0x000000076b580000,0x00000007a7100000)
  from space 26624K, 0% used [0x00000007aa700000,0x00000007aa700000,0x00000007ac100000)
  to   space 38400K, 0% used [0x00000007a7600000,0x00000007a7600000,0x00000007a9b80000)
 ParOldGen       total 107520K, used 80919K [0x00000006c2000000, 0x00000006c8900000, 0x000000076b580000)
  object space 107520K, 75% used [0x00000006c2000000,0x00000006c6f05d28,0x00000006c8900000)
 Metaspace       used 48332K, capacity 49028K, committed 49456K, reserved 1091584K
  class space    used 6399K, capacity 6588K, committed 6704K, reserved 1048576K
}
Event: 44.077 GC heap before
{Heap before GC invocations=18 (full 3):
 PSYoungGen      total 1005056K, used 978432K [0x000000076b580000, 0x00000007ac100000, 0x00000007c0000000)
  eden space 978432K, 100% used [0x000000076b580000,0x00000007a7100000,0x00000007a7100000)
  from space 26624K, 0% used [0x00000007aa700000,0x00000007aa700000,0x00000007ac100000)
  to   space 38400K, 0% used [0x00000007a7600000,0x00000007a7600000,0x00000007a9b80000)
 ParOldGen       total 107520K, used 80919K [0x00000006c2000000, 0x00000006c8900000, 0x000000076b580000)
  object space 107520K, 75% used [0x00000006c2000000,0x00000006c6f05d28,0x00000006c8900000)
 Metaspace       used 51390K, capacity 52072K, committed 52528K, reserved 1097728K
  class space    used 6732K, capacity 6914K, committed 6960K, reserved 1048576K
Event: 44.328 GC heap after
Heap after GC invocations=18 (full 3):
 PSYoungGen      total 1005056K, used 978432K [0x000000076b580000, 0x00000007ac100000, 0x00000007c0000000)
  eden space 978432K, 100% used [0x000000076b580000,0x00000007a7100000,0x00000007a7100000)
  from space 26624K, 0% used [0x00000007aa700000,0x00000007aa700000,0x00000007ac100000)
  to   space 38400K, 99% used [0x00000007a7600000,0x00000007a9b7e420,0x00000007a9b80000)
 ParOldGen       total 107520K, used 107517K [0x00000006c2000000, 0x00000006c8900000, 0x000000076b580000)
  object space 107520K, 99% used [0x00000006c2000000,0x00000006c88ff5a0,0x00000006c8900000)
 Metaspace       used 51390K, capacity 52072K, committed 52528K, reserved 1097728K
  class space    used 6732K, capacity 6914K, committed 6960K, reserved 1048576K
}
Event: 44.328 GC heap before
{Heap before GC invocations=19 (full 4):
 PSYoungGen      total 1005056K, used 978432K [0x000000076b580000, 0x00000007ac100000, 0x00000007c0000000)
  eden space 978432K, 100% used [0x000000076b580000,0x00000007a7100000,0x00000007a7100000)
  from space 26624K, 0% used [0x00000007aa700000,0x00000007aa700000,0x00000007ac100000)
  to   space 38400K, 99% used [0x00000007a7600000,0x00000007a9b7e420,0x00000007a9b80000)
 ParOldGen       total 107520K, used 107517K [0x00000006c2000000, 0x00000006c8900000, 0x000000076b580000)
  object space 107520K, 99% used [0x00000006c2000000,0x00000006c88ff5a0,0x00000006c8900000)
 Metaspace       used 51390K, capacity 52072K, committed 52528K, reserved 1097728K
  class space    used 6732K, capacity 6914K, committed 6960K, reserved 1048576K
Event: 44.523 GC heap after
Heap after GC invocations=19 (full 4):
 PSYoungGen      total 1005056K, used 0K [0x000000076b580000, 0x00000007ac100000, 0x00000007c0000000)
  eden space 978432K, 0% used [0x000000076b580000,0x000000076b580000,0x00000007a7100000)
  from space 26624K, 0% used [0x00000007aa700000,0x00000007aa700000,0x00000007ac100000)
  to   space 38400K, 0% used [0x00000007a7600000,0x00000007a7600000,0x00000007a9b80000)
 ParOldGen       total 107520K, used 104581K [0x00000006c2000000, 0x00000006c8900000, 0x000000076b580000)
  object space 107520K, 97% used [0x00000006c2000000,0x00000006c8621478,0x00000006c8900000)
 Metaspace       used 51390K, capacity 52072K, committed 52528K, reserved 1097728K
  class space    used 6732K, capacity 6914K, committed 6960K, reserved 1048576K
}

Deoptimization events (0 events):
No events

Internal exceptions (10 events):
Event: 47.225 Thread 0x00000000024f0800 Exception <a 'java/lang/ArrayIndexOutOfBoundsException'> (0x000000078f8dc860) thrown at [D:\re\workspace\8-2-build-windows-amd64-cygwin\jdk8u92\6642\hotspot\src\share\vm\runtime\sharedRuntime.cpp, line 605]
Event: 47.225 Thread 0x00000000024f0800 Exception <a 'java/lang/ArrayIndexOutOfBoundsException'> (0x000000078f8dd670) thrown at [D:\re\workspace\8-2-build-windows-amd64-cygwin\jdk8u92\6642\hotspot\src\share\vm\runtime\sharedRuntime.cpp, line 605]
Event: 47.226 Thread 0x00000000024f0800 Exception <a 'java/lang/ClassNotFoundException': org/springframework/cloud/context/scope/refresh/RefreshScopeCustomizer> (0x000000078f919d48) thrown at [D:\re\workspace\8-2-build-windows-amd64-cygwin\jdk8u92\6642\hotspot\src\share\vm\classfile\systemDictio°√1+ùG@
Event: 47.228 Thread 0x00000000024f0800 Exception <a 'java/lang/ClassNotFoundException': org/springframework/context/ApplicationContextAwareCustomizer> (0x000000078f9612a8) thrown at [D:\re\workspace\8-2-build-windows-amd64-cygwin\jdk8u92\6642\hotspot\src\share\vm\classfile\systemDictionary.cpp,⁄≥RæLùG@
Event: 47.229 Thread 0x00000000024f0800 Exception <a 'java/lang/ClassNotFoundException': org/springframework/beans/factory/support/BeanDefinitionRegistryPostProcessorCustomizer> (0x000000078f9a3570) thrown at [D:\re\workspace\8-2-build-windows-amd64-cygwin\jdk8u92\6642\hotspot\src\share\vm\classoôd'iùG@
Event: 47.230 Thread 0x00000000024f0800 Exception <a 'java/lang/ClassNotFoundException': org/springframework/core/OrderedCustomizer> (0x000000078f9c9628) thrown at [D:\re\workspace\8-2-build-windows-amd64-cygwin\jdk8u92\6642\hotspot\src\share\vm\classfile\systemDictionary.cpp, line 210]
Event: 47.231 Thread 0x00000000024f0800 Exception <a 'java/lang/ClassNotFoundException': org/springframework/beans/factory/config/ScopeCustomizer> (0x000000078f9f8c60) thrown at [D:\re\workspace\8-2-build-windows-amd64-cygwin\jdk8u92\6642\hotspot\src\share\vm\classfile\systemDictionary.cpp, line
Event: 47.231 Thread 0x00000000024f0800 Exception <a 'java/lang/ArrayIndexOutOfBoundsException'> (0x000000078f9faae8) thrown at [D:\re\workspace\8-2-build-windows-amd64-cygwin\jdk8u92\6642\hotspot\src\share\vm\runtime\sharedRuntime.cpp, line 605]
Event: 47.232 Thread 0x00000000024f0800 Exception <a 'java/lang/ClassNotFoundException': org/springframework/beans/factory/config/BeanFactoryPostProcessorCustomizer> (0x000000078fa37a10) thrown at [D:\re\workspace\8-2-build-windows-amd64-cygwin\jdk8u92\6642\hotspot\src\share\vm\classfile\systemDµÜ°…ùG@
Event: 47.233 Thread 0x00000000024f0800 Exception <a 'java/lang/ClassNotFoundException': org/springframework/beans/factory/DisposableBeanCustomizer> (0x000000078fa671c0) thrown at [D:\re\workspace\8-2-build-windows-amd64-cygwin\jdk8u92\6642\hotspot\src\share\vm\classfile\systemDictionary.cpp, lih∂æí“úG@

Events (10 events):
Event: 47.233 Thread 0x00000000024f0800 DEOPT PACKING pc=0x0000000002d2042c sp=0x000000000283ec50
Event: 47.233 Thread 0x00000000024f0800 DEOPT UNPACKING pc=0x000000000288787f sp=0x000000000283ea70 mode 1
Event: 47.233 Thread 0x00000000024f0800 DEOPT PACKING pc=0x0000000002d36e74 sp=0x000000000283eb70
Event: 47.233 Thread 0x00000000024f0800 DEOPT UNPACKING pc=0x000000000288787f sp=0x000000000283e910 mode 1
Event: 47.233 Thread 0x00000000024f0800 DEOPT PACKING pc=0x0000000002d2042c sp=0x000000000283ec40
Event: 47.233 Thread 0x00000000024f0800 DEOPT UNPACKING pc=0x000000000288787f sp=0x000000000283ea60 mode 1
Event: 47.233 Thread 0x00000000024f0800 DEOPT PACKING pc=0x0000000002d36e74 sp=0x000000000283eb80
Event: 47.233 Thread 0x00000000024f0800 DEOPT UNPACKING pc=0x000000000288787f sp=0x000000000283e920 mode 1
Event: 47.233 Thread 0x00000000024f0800 DEOPT PACKING pc=0x0000000002d2042c sp=0x000000000283ec50
Event: 47.233 Thread 0x00000000024f0800 DEOPT UNPACKING pc=0x000000000288787f sp=0x000000000283ea70 mode 1


Dynamic libraries:
0x000000013fee0000 - 0x000000013ff17000 	C:\Program Files\Java\jdk1.8.0_92\bin\java.exe
0x0000000077c60000 - 0x0000000077e0a000 	C:\Windows\SYSTEM32\ntdll.dll
0x0000000077a40000 - 0x0000000077b5f000 	C:\Windows\system32\kernel32.dll
0x000007fefde30000 - 0x000007fefde9a000 	C:\Windows\system32\KERNELBASE.dll
0x000007fefe6f0000 - 0x000007fefe7cb000 	C:\Windows\system32\ADVAPI32.dll
0x000007feffc90000 - 0x000007feffd2f000 	C:\Windows\system32\msvcrt.dll
0x000007fefff20000 - 0x000007fefff3f000 	C:\Windows\SYSTEM32\sechost.dll
0x000007feffb60000 - 0x000007feffc8d000 	C:\Windows\system32\RPCRT4.dll
0x0000000077b60000 - 0x0000000077c5a000 	C:\Windows\system32\USER32.dll
0x000007feffd30000 - 0x000007feffd97000 	C:\Windows\system32\GDI32.dll
0x000007feffe40000 - 0x000007feffe4e000 	C:\Windows\system32\LPK.dll
0x000007fefe440000 - 0x000007fefe50b000 	C:\Windows\system32\USP10.dll
0x000007fefc3e0000 - 0x000007fefc5d4000 	C:\Windows\WinSxS\amd64_microsoft.windows.common-controls_6595b64144ccf1df_6.0.7601.17514_none_fa396087175ac9ac\COMCTL32.dll
0x000007feffe50000 - 0x000007feffec1000 	C:\Windows\system32\SHLWAPI.dll
0x000007fefff40000 - 0x000007fefff6e000 	C:\Windows\system32\IMM32.DLL
0x000007fefdf80000 - 0x000007fefe089000 	C:\Windows\system32\MSCTF.dll
0x000000006f310000 - 0x000000006f3e2000 	C:\Program Files\Java\jdk1.8.0_92\jre\bin\msvcr100.dll
0x000000005e290000 - 0x000000005eb26000 	C:\Program Files\Java\jdk1.8.0_92\jre\bin\server\jvm.dll
0x000007fef54c0000 - 0x000007fef54c9000 	C:\Windows\system32\WSOCK32.dll
0x000007feffed0000 - 0x000007fefff1d000 	C:\Windows\system32\WS2_32.dll
0x000007fefe9b0000 - 0x000007fefe9b8000 	C:\Windows\system32\NSI.dll
0x000007fefb960000 - 0x000007fefb99b000 	C:\Windows\system32\WINMM.dll
0x000007fefcce0000 - 0x000007fefccec000 	C:\Windows\system32\VERSION.dll
0x0000000077e20000 - 0x0000000077e27000 	C:\Windows\system32\PSAPI.DLL
0x0000000074860000 - 0x000000007486f000 	C:\Program Files\Java\jdk1.8.0_92\jre\bin\verify.dll
0x0000000074830000 - 0x0000000074859000 	C:\Program Files\Java\jdk1.8.0_92\jre\bin\java.dll
0x00000000747d0000 - 0x0000000074805000 	C:\Program Files\Java\jdk1.8.0_92\jre\bin\jdwp.dll
0x00000000747c0000 - 0x00000000747c8000 	C:\Program Files\Java\jdk1.8.0_92\jre\bin\npt.dll
0x0000000074810000 - 0x0000000074826000 	C:\Program Files\Java\jdk1.8.0_92\jre\bin\zip.dll
0x000007fefedd0000 - 0x000007feffb5b000 	C:\Windows\system32\SHELL32.dll
0x000007fefebc0000 - 0x000007fefedc3000 	C:\Windows\system32\ole32.dll
0x000007fefdbb0000 - 0x000007fefdbbf000 	C:\Windows\system32\profapi.dll
0x00000000747b0000 - 0x00000000747b9000 	C:\Program Files\Java\jdk1.8.0_92\jre\bin\dt_socket.dll
0x000007fefd3f0000 - 0x000007fefd445000 	C:\Windows\system32\mswsock.dll
0x000007fefcdb0000 - 0x000007fefcdb7000 	C:\Windows\System32\wshtcpip.dll
0x0000000074790000 - 0x00000000747aa000 	C:\Program Files\Java\jdk1.8.0_92\jre\bin\net.dll
0x000007fefd3e0000 - 0x000007fefd3e7000 	C:\Windows\System32\wship6.dll
0x000007fefb480000 - 0x000007fefb4a7000 	C:\Windows\system32\IPHLPAPI.DLL
0x000007fefb470000 - 0x000007fefb47b000 	C:\Windows\system32\WINNSI.DLL
0x000007fefafe0000 - 0x000007fefaff8000 	C:\Windows\system32\dhcpcsvc.DLL
0x000007fefafc0000 - 0x000007fefafd1000 	C:\Windows\system32\dhcpcsvc6.DLL
0x000007fefd270000 - 0x000007fefd2cb000 	C:\Windows\system32\DNSAPI.dll
0x000007fef94a0000 - 0x000007fef94a8000 	C:\Windows\system32\rasadhlp.dll
0x0000000074760000 - 0x000000007476d000 	C:\Program Files\Java\jdk1.8.0_92\jre\bin\management.dll
0x000007fefb9a0000 - 0x000007fefb9b5000 	C:\Windows\system32\NLAapi.dll
0x000007fef93e0000 - 0x000007fef93f5000 	C:\Windows\system32\napinsp.dll
0x000007fef93c0000 - 0x000007fef93d9000 	C:\Windows\system32\pnrpnsp.dll
0x000007fef93b0000 - 0x000007fef93bb000 	C:\Windows\System32\winrnr.dll
0x000007fefb080000 - 0x000007fefb0d3000 	C:\Windows\System32\fwpuclnt.dll
0x0000000074770000 - 0x0000000074781000 	C:\Program Files\Java\jdk1.8.0_92\jre\bin\nio.dll
0x0000000074730000 - 0x0000000074754000 	C:\Program Files\Java\jdk1.8.0_92\jre\bin\sunec.dll
0x000007fefd450000 - 0x000007fefd467000 	C:\Windows\system32\CRYPTSP.dll
0x000007fefd150000 - 0x000007fefd197000 	C:\Windows\system32\rsaenh.dll
0x000007fefced0000 - 0x000007fefceee000 	C:\Windows\system32\USERENV.dll
0x000007fefdae0000 - 0x000007fefdaef000 	C:\Windows\system32\CRYPTBASE.dll

VM Arguments:
jvm_args: -agentlib:jdwp=transport=dt_socket,address=127.0.0.1:63240,suspend=y,server=n -XX:TieredStopAtLevel=1 -Xverify:none -Dspring.output.ansi.enabled=always -Dfile.encoding=UTF-8 
java_command: com.github.prontera.OrderMsApplication
java_class_path (initial): C:\Program Files\Java\jdk1.8.0_92\jre\lib\charsets.jar;C:\Program Files\Java\jdk1.8.0_92\jre\lib\deploy.jar;C:\Program Files\Java\jdk1.8.0_92\jre\lib\ext\access-bridge-64.jar;C:\Program Files\Java\jdk1.8.0_92\jre\lib\ext\cldrdata.jar;C:\Program Files\Java\jdk1.8.0_92\jre\lib\ext\dnsns.jar;C:\Program Files\Java\jdk1.8.0_92\jre\lib\ext\jaccess.jar;C:\Program Files\Java\jdk1.8.0_92\jre\lib\ext\jfxrt.jar;C:\Program Files\Java\jdk1.8.0_92\jre\lib\ext\localedata.jar;C:\Program Files\Java\jdk1.8.0_92\jre\lib\ext\nashorn.jar;C:\Program Files\Java\jdk1.8.0_92\jre\lib\ext\sunec.jar;C:\Program Files\Java\jdk1.8.0_92\jre\lib\ext\sunjce_provider.jar;C:\Program Files\Java\jdk1.8.0_92\jre\lib\ext\sunmscapi.jar;C:\Program Files\Java\jdk1.8.0_92\jre\lib\ext\sunpkcs11.jar;C:\Program Files\Java\jdk1.8.0_92\jre\lib\ext\zipfs.jar;C:\Program Files\Java\jdk1.8.0_92\jre\lib\javaws.jar;C:\Program Files\Java\jdk1.8.0_92\jre\lib\jce.jar;C:\Program Files\Java\jdk1.8.0_92\jre\lib\jfr.jar;C:\Program Files\Java\jdk1.8.0_92\jre\lib\jfxswt.jar;C:\Program Files\Java\jdk1.8.0_92\jre\lib\jsse.jar;C:\Program Files\Java\jdk1.8.0_92\jre\lib\management-agent.jar;C:\Program Files\Java\jdk1.8.0_92\jre\lib\plugin.jar;C:\Program Files\Java\jdk1.8.0_92\jre\lib\resources.jar;C:\Program Files\Java\jdk1.8.0_92\jre\lib\rt.jar;H:\java\spring-cloud-rest-tcc\order-ms\target\classes;H:\java\spring-cloud-rest-tcc\common-dps\target\classes;C:\Users\chen\.m2\repository\org\springframework\boot\spring-boot-starter-web\1.5.2.RELEASE\spring-boot-starter-web-1.5.2.RELEASE.jar;C:\Users\chen\.m2\repository\org\springframework\boot\spring-boot-starter-tomcat\1.5.2.RELEASE\spring-boot-starter-tomcat-1.5.2.RELEASE.jar;C:\Users\chen\.m2\repository\org\apache\tomcat\embed\tomcat-embed-core\8.5.11\tomcat-embed-core-8.5.11.jar;C:\Users\chen\.m2\repository\org\apache\tomcat\embed\tomcat-embed-websocket\8.5.11\tomcat-embed-websocket-8.5.11.jar;C:\Users\chen\.m2\repository\org\hibernate\hibernate-validator\5
Launcher Type: SUN_STANDARD

Environment Variables:
JAVA_HOME=C:\Program Files\Java\jdk1.8.0_92
CLASSPATH=.;C:\Program Files\Java\jdk1.8.0_92\lib\dt.jar;C:\Program Files\Java\jdk1.8.0_92\lib\tools.jar;
PATH=C:\ProgramData\Oracle\Java\javapath;C:\Windows\system32;C:\Windows;C:\Windows\System32\Wbem;C:\Windows\System32\WindowsPowerShell\v1.0\;C:\Program Files (x86)\Intel\OpenCL SDK\2.0\bin\x86;C:\Program Files (x86)\Intel\OpenCL SDK\2.0\bin\x64;D:\TortoiseGit\bin;D:\nodejs\;C:\Program Files\Java\jdk1.8.0_92\bin;D:\mysql-5.7\bin;D:\hadoop-2.6.1\bin;D:\Python36\Scripts\django-admin.exe;D:\Python36\Scripts\;D:\Python36\;C:\Users\chen\AppData\Roaming\npm
USERNAME=chen
OS=Windows_NT
PROCESSOR_IDENTIFIER=Intel64 Family 6 Model 42 Stepping 7, GenuineIntel



---------------  S Y S T E M  ---------------

OS: Windows 7 , 64 bit Build 7601 (6.1.7601.23807)

CPU:total 4 (2 cores per cpu, 2 threads per core) family 6 model 42 stepping 7, cmov, cx8, fxsr, mmx, sse, sse2, sse3, ssse3, sse4.1, sse4.2, popcnt, avx, aes, clmul, ht, tsc, tscinvbit

Memory: 4k page, physical 16640876k(3883280k free), swap 17687592k(3112k free)

vm_info: Java HotSpot(TM) 64-Bit Server VM (25.92-b14) for windows-amd64 JRE (1.8.0_92-b14), built on Mar 31 2016 21:03:04 by "java_re" with MS VC++ 10.0 (VS2010)

time: Thu Oct 12 22:24:33 2017
elapsed time: 47 seconds (0d 0h 0m 47s)

