JvmtiExport can_access_local_variables 1
JvmtiExport can_hotswap_or_post_breakpoint 1
JvmtiExport can_post_on_exceptions 1
# 167 ciObject found
ciMethod java/lang/Object <init> ()V 4097 1 5385 0 -1
ciMethod java/lang/Object getClass ()Ljava/lang/Class; 2049 1 256 0 -1
ciMethod java/lang/Object toString ()Ljava/lang/String; 113 1 14 0 -1
ciMethod java/lang/String <init> ([CII)V 4097 1 1350 0 -1
ciMethod java/lang/String valueOf (Ljava/lang/Object;)Ljava/lang/String; 3033 1 379 0 -1
ciMethod java/lang/Class isArray ()Z 2049 1 256 0 -1
ciMethod java/util/Map get (Ljava/lang/Object;)Ljava/lang/Object; 0 0 1 0 -1
ciMethod java/lang/AbstractStringBuilder <init> (I)V 3289 1 411 0 -1
ciMethod java/lang/AbstractStringBuilder append (Ljava/lang/String;)Ljava/lang/AbstractStringBuilder; 4097 1 704 0 -1
ciMethod java/lang/AbstractStringBuilder append (I)Ljava/lang/AbstractStringBuilder; 4097 1 512 0 -1
ciMethod java/lang/StringBuilder <init> ()V 3073 1 384 0 -1
ciMethod java/lang/StringBuilder append (Ljava/lang/Object;)Ljava/lang/StringBuilder; 3033 1 379 0 -1
ciMethod java/lang/StringBuilder append (Ljava/lang/String;)Ljava/lang/StringBuilder; 4097 1 671 0 -1
ciMethod java/lang/StringBuilder append (I)Ljava/lang/StringBuilder; 4097 1 512 0 -1
ciMethod java/lang/StringBuilder toString ()Ljava/lang/String; 3081 1 385 0 -1
ciMethod java/lang/Integer parseInt (Ljava/lang/String;I)I 3401 16385 625 0 -1
ciMethod java/lang/Integer parseInt (Ljava/lang/String;)I 2273 1 284 0 -1
ciMethod java/util/List get (I)Ljava/lang/Object; 0 0 1 0 -1
ciMethod java/util/Set size ()I 0 0 1 0 -1
ciMethod java/util/Set iterator ()Ljava/util/Iterator; 0 0 1 0 -1
ciMethod java/util/Iterator hasNext ()Z 0 0 1 0 -1
ciMethod java/util/Iterator next ()Ljava/lang/Object; 0 0 1 0 -1
ciMethod java/lang/reflect/Array get (Ljava/lang/Object;I)Ljava/lang/Object; 9 1 1 0 -1
ciMethod org/springframework/core/ResolvableType asMap ()Lorg/springframework/core/ResolvableType; 161 1 20 0 -1
ciMethod org/springframework/core/ResolvableType as (Ljava/lang/Class;)Lorg/springframework/core/ResolvableType; 3089 113 386 0 -1
ciMethod org/springframework/core/ResolvableType getNested (I)Lorg/springframework/core/ResolvableType; 889 1 111 0 -1
ciMethod org/springframework/core/ResolvableType getNested (ILjava/util/Map;)Lorg/springframework/core/ResolvableType; 2057 17 257 0 -1
ciMethod org/springframework/core/ResolvableType getGeneric ([I)Lorg/springframework/core/ResolvableType; 3081 369 385 0 -1
ciMethod org/springframework/core/ResolvableType resolveGeneric ([I)Ljava/lang/Class; 441 1 55 0 -1
ciMethod org/springframework/core/ResolvableType resolve ()Ljava/lang/Class; 3569 1 446 0 -1
ciMethod org/springframework/core/ResolvableType resolve (Ljava/lang/Class;)Ljava/lang/Class; 2193 1 274 0 -1
ciMethod org/springframework/core/convert/TypeDescriptor valueOf (Ljava/lang/Class;)Lorg/springframework/core/convert/TypeDescriptor; 2001 1 250 0 -1
ciMethod org/springframework/beans/AbstractNestablePropertyAccessor getRootClass ()Ljava/lang/Class; 2033 1 247 0 -1
ciMethod org/springframework/beans/AbstractNestablePropertyAccessor setPropertyValue (Lorg/springframework/beans/AbstractNestablePropertyAccessor$PropertyTokenHolder;Lorg/springframework/beans/PropertyValue;)V 3353 1 306 26 -1
ciMethod org/springframework/beans/AbstractNestablePropertyAccessor processKeyedProperty (Lorg/springframework/beans/AbstractNestablePropertyAccessor$PropertyTokenHolder;Lorg/springframework/beans/PropertyValue;)V 241 1 30 26 -1
ciMethod org/springframework/beans/AbstractNestablePropertyAccessor processLocalProperty (Lorg/springframework/beans/AbstractNestablePropertyAccessor$PropertyTokenHolder;Lorg/springframework/beans/PropertyValue;)V 2209 1 276 0 -1
ciMethod org/springframework/beans/AbstractNestablePropertyAccessor convertIfNecessary (Ljava/lang/String;Ljava/lang/Object;Ljava/lang/Object;Ljava/lang/Class;Lorg/springframework/core/convert/TypeDescriptor;)Ljava/lang/Object; 3209 1 288 0 -1
ciMethod org/springframework/beans/AbstractNestablePropertyAccessor getPropertyValue (Lorg/springframework/beans/AbstractNestablePropertyAccessor$PropertyTokenHolder;)Ljava/lang/Object; 2113 1 257 221 -1
ciMethod org/springframework/beans/AbstractNestablePropertyAccessor getLocalPropertyHandler (Ljava/lang/String;)Lorg/springframework/beans/AbstractNestablePropertyAccessor$PropertyHandler; 0 0 1 0 -1
ciMethod org/springframework/beans/AbstractNestablePropertyAccessor growArrayIfNecessary (Ljava/lang/Object;ILjava/lang/String;)Ljava/lang/Object; 0 0 1 0 -1
ciMethod org/springframework/beans/AbstractNestablePropertyAccessor growCollectionIfNecessary (Ljava/util/Collection;ILjava/lang/String;Lorg/springframework/beans/AbstractNestablePropertyAccessor$PropertyHandler;I)V 0 0 1 0 -1
ciMethod org/springframework/beans/AbstractNestablePropertyAccessor setDefaultValue (Ljava/lang/String;)Ljava/lang/Object; 0 0 1 0 -1
ciMethod org/springframework/beans/AbstractNestablePropertyAccessor setDefaultValue (Lorg/springframework/beans/AbstractNestablePropertyAccessor$PropertyTokenHolder;)Ljava/lang/Object; 0 0 1 0 -1
ciMethod org/springframework/beans/AbstractNestablePropertyAccessor createDefaultPropertyValue (Lorg/springframework/beans/AbstractNestablePropertyAccessor$PropertyTokenHolder;)Lorg/springframework/beans/PropertyValue; 0 0 1 0 -1
ciMethod org/springframework/beans/AbstractPropertyAccessor isAutoGrowNestedPaths ()Z 65 1 8 0 -1
ciMethod org/springframework/beans/AbstractNestablePropertyAccessor$PropertyTokenHolder <init> ()V 2289 1 286 0 -1
ciMethod org/springframework/beans/NotReadablePropertyException <init> (Ljava/lang/Class;Ljava/lang/String;)V 1825 1 221 0 -1
ciMethod org/springframework/beans/InvalidPropertyException <init> (Ljava/lang/Class;Ljava/lang/String;Ljava/lang/String;)V 1825 1 221 0 -1
ciMethod org/springframework/beans/InvalidPropertyException <init> (Ljava/lang/Class;Ljava/lang/String;Ljava/lang/String;Ljava/lang/Throwable;)V 2033 1 247 0 -1
ciMethod org/springframework/beans/AbstractNestablePropertyAccessor$PropertyHandler isReadable ()Z 665 1 83 0 -1
ciMethod org/springframework/beans/AbstractNestablePropertyAccessor$PropertyHandler getResolvableType ()Lorg/springframework/core/ResolvableType; 0 0 1 0 -1
ciMethod org/springframework/beans/AbstractNestablePropertyAccessor$PropertyHandler getValue ()Ljava/lang/Object; 0 0 1 0 -1
instanceKlass org/springframework/jmx/export/annotation/ManagedMetric
instanceKlass org/springframework/jmx/export/notification/NotificationPublisherAware
instanceKlass org/springframework/jmx/export/metadata/ManagedNotification
instanceKlass org/springframework/jmx/export/annotation/ManagedNotifications
instanceKlass org/springframework/jmx/export/annotation/ManagedNotification
instanceKlass org/springframework/jmx/export/metadata/ManagedOperationParameter
instanceKlass org/springframework/core/annotation/AnnotationUtils$AnnotationCollector
instanceKlass org/springframework/jmx/export/annotation/ManagedOperationParameters
instanceKlass org/springframework/jmx/export/annotation/ManagedOperationParameter
instanceKlass javax/management/modelmbean/DescriptorSupport
instanceKlass javax/management/DescriptorAccess
instanceKlass javax/management/modelmbean/RequiredModelMBean
instanceKlass org/springframework/jmx/support/ObjectNameManager
instanceKlass org/springframework/jmx/export/naming/SelfNaming
instanceKlass org/springframework/beans/annotation/AnnotationBeanUtils
instanceKlass org/springframework/jmx/export/metadata/AbstractJmxAttribute
instanceKlass org/springframework/jmx/export/MBeanExporter$1
instanceKlass org/springframework/jmx/export/MBeanExporter$2
instanceKlass org/springframework/cloud/context/config/BeanLifecycleDecorator
instanceKlass org/springframework/transaction/event/TransactionalEventListener
instanceKlass org/springframework/http/client/AsyncClientHttpRequestInterceptor
instanceKlass org/springframework/http/client/AsyncClientHttpRequest
instanceKlass org/springframework/core/ParameterizedTypeReference
instanceKlass org/springframework/web/client/AsyncRequestCallback
instanceKlass org/springframework/cloud/sleuth/instrument/web/client/TraceAsyncListenableTaskExecutor
instanceKlass org/springframework/scheduling/TaskScheduler
instanceKlass org/springframework/cloud/sleuth/instrument/web/client/HttpRequestInjector
instanceKlass rx/annotations/Experimental
instanceKlass com/netflix/hystrix/HystrixThreadPoolKey
instanceKlass com/netflix/hystrix/strategy/concurrency/HystrixRequestVariable
instanceKlass com/netflix/hystrix/strategy/concurrency/HystrixRequestVariableLifecycle
instanceKlass com/netflix/hystrix/strategy/metrics/HystrixMetricsPublisherFactory
instanceKlass com/netflix/hystrix/strategy/properties/HystrixPropertiesStrategy
instanceKlass com/netflix/hystrix/strategy/metrics/HystrixMetricsPublisher
instanceKlass com/netflix/hystrix/strategy/eventnotifier/HystrixEventNotifier
instanceKlass com/netflix/hystrix/strategy/executionhook/HystrixCommandExecutionHook
instanceKlass com/netflix/config/PropertyWrapper$2
instanceKlass com/netflix/config/validation/PropertyChangeValidator
instanceKlass com/netflix/config/PropertyWrapper$1
instanceKlass com/netflix/hystrix/strategy/properties/archaius/HystrixDynamicPropertiesArchaius
instanceKlass com/netflix/hystrix/strategy/HystrixArchaiusHelper$LazyHolder
instanceKlass com/netflix/hystrix/strategy/HystrixArchaiusHelper
instanceKlass com/netflix/hystrix/strategy/properties/HystrixDynamicPropertiesSystemProperties$2
instanceKlass com/netflix/hystrix/strategy/properties/HystrixDynamicProperty
instanceKlass com/netflix/hystrix/strategy/properties/HystrixProperty
instanceKlass com/netflix/hystrix/strategy/properties/HystrixDynamicPropertiesSystemProperties$LazyHolder
instanceKlass com/netflix/hystrix/strategy/properties/HystrixDynamicPropertiesSystemProperties
instanceKlass com/netflix/hystrix/strategy/properties/HystrixDynamicProperties
instanceKlass com/netflix/hystrix/strategy/HystrixPlugins$1
instanceKlass com/netflix/hystrix/strategy/HystrixPlugins$LoggerSupplier
instanceKlass com/netflix/hystrix/strategy/HystrixPlugins$LazyHolder
instanceKlass com/netflix/hystrix/strategy/HystrixPlugins
instanceKlass java/util/EnumMap$EnumMapIterator
instanceKlass org/apache/commons/configuration/event/ConfigurationErrorListener
instanceKlass org/apache/commons/lang/text/StrSubstitutor
instanceKlass org/apache/commons/lang/text/StrLookup
instanceKlass org/springframework/cloud/client/loadbalancer/LoadBalancerAutoConfiguration$1
instanceKlass org/springframework/cloud/client/loadbalancer/LoadBalancerAutoConfiguration$RetryAutoConfiguration$1
instanceKlass org/springframework/http/client/ClientHttpRequestExecution
instanceKlass org/springframework/cloud/client/loadbalancer/LoadBalancerRequestTransformer
instanceKlass org/springframework/cloud/client/loadbalancer/LoadBalanced
instanceKlass org/springframework/retry/RecoveryCallback
instanceKlass org/springframework/retry/RetryState
instanceKlass com/netflix/loadbalancer/ServerListFilter
instanceKlass com/netflix/loadbalancer/IRule
instanceKlass com/netflix/loadbalancer/IPing
instanceKlass org/springframework/cloud/netflix/ribbon/ServerIntrospector
instanceKlass com/netflix/loadbalancer/Server
instanceKlass org/springframework/cloud/client/loadbalancer/LoadBalancerRequest
instanceKlass org/springframework/cloud/netflix/ribbon/RibbonLoadBalancerClient
instanceKlass org/springframework/http/client/support/BasicAuthorizationInterceptor
instanceKlass org/springframework/boot/web/client/RestTemplateCustomizer
instanceKlass org/springframework/web/multipart/MultipartHttpServletRequest
instanceKlass org/springframework/web/multipart/MultipartRequest
instanceKlass org/springframework/jdbc/core/namedparam/ParsedSql
instanceKlass org/springframework/jdbc/core/namedparam/SqlParameterSource
instanceKlass org/springframework/jdbc/support/SQLExceptionTranslator
instanceKlass org/springframework/jdbc/core/SqlParameter
instanceKlass org/springframework/jdbc/core/BatchPreparedStatementSetter
instanceKlass org/springframework/jdbc/core/ParameterizedPreparedStatementSetter
instanceKlass org/springframework/jdbc/support/rowset/SqlRowSet
instanceKlass org/springframework/jdbc/core/RowCallbackHandler
instanceKlass org/springframework/jdbc/core/ResultSetExtractor
instanceKlass org/springframework/jdbc/core/RowMapper
instanceKlass org/springframework/jdbc/core/ConnectionCallback
instanceKlass org/springframework/jdbc/core/CallableStatementCallback
instanceKlass org/springframework/jdbc/core/CallableStatementCreator
instanceKlass org/springframework/jdbc/core/PreparedStatementCallback
instanceKlass org/springframework/jdbc/core/StatementCallback
instanceKlass org/springframework/jdbc/support/nativejdbc/NativeJdbcExtractor
instanceKlass org/springframework/jdbc/core/PreparedStatementSetter
instanceKlass org/springframework/jdbc/support/KeyHolder
instanceKlass org/springframework/jdbc/core/PreparedStatementCreator
instanceKlass org/springframework/transaction/support/TransactionCallback
instanceKlass org/springframework/transaction/support/AbstractPlatformTransactionManager$SuspendedResourcesHolder
instanceKlass org/springframework/transaction/support/AbstractTransactionStatus
instanceKlass org/springframework/boot/actuate/metrics/export/AbstractMetricExporter
instanceKlass org/springframework/boot/actuate/metrics/export/MetricExporters
instanceKlass org/springframework/boot/actuate/metrics/export/Exporter
instanceKlass org/springframework/boot/actuate/endpoint/MetricsEndpointMetricReader
instanceKlass org/springframework/boot/actuate/metrics/export/MetricExportProperties$Statsd
instanceKlass org/springframework/boot/actuate/metrics/export/MetricExportProperties$Redis
instanceKlass org/springframework/boot/actuate/metrics/export/MetricExportProperties$Aggregate
instanceKlass org/springframework/util/DigestUtils
instanceKlass org/springframework/boot/actuate/autoconfigure/EndpointWebMvcAutoConfiguration$1
instanceKlass org/springframework/boot/actuate/endpoint/jmx/DataConverter
instanceKlass org/springframework/boot/actuate/endpoint/jmx/EndpointMBean
instanceKlass org/springframework/jmx/support/NotificationListenerHolder
instanceKlass org/springframework/jmx/export/MBeanExporter$AutodetectCallback
instanceKlass org/springframework/jmx/export/MBeanExporterListener
instanceKlass javax/management/modelmbean/ModelMBeanInfo
instanceKlass javax/management/modelmbean/ModelMBean
instanceKlass javax/management/PersistentMBean
instanceKlass org/springframework/jmx/support/JmxUtils
instanceKlass org/springframework/jmx/support/MBeanServerFactoryBean
instanceKlass org/springframework/context/annotation/MBeanExportConfiguration
instanceKlass org/springframework/jmx/export/assembler/AutodetectCapableMBeanInfoAssembler
instanceKlass org/springframework/jmx/export/naming/KeyNamingStrategy
instanceKlass org/springframework/jmx/export/assembler/AbstractMBeanInfoAssembler
instanceKlass org/springframework/jmx/export/assembler/MBeanInfoAssembler
instanceKlass org/springframework/jmx/export/annotation/AnnotationJmxAttributeSource
instanceKlass org/springframework/jmx/export/metadata/JmxAttributeSource
instanceKlass com/google/gson/stream/JsonWriter
instanceKlass com/google/gson/stream/JsonReader
instanceKlass com/google/gson/internal/bind/ReflectiveTypeAdapterFactory
instanceKlass com/google/gson/internal/bind/JsonAdapterAnnotationTypeAdapterFactory
instanceKlass com/google/gson/internal/bind/MapTypeAdapterFactory
instanceKlass com/google/gson/internal/bind/CollectionTypeAdapterFactory
instanceKlass com/google/gson/internal/bind/ArrayTypeAdapter$1
instanceKlass com/google/gson/internal/bind/SqlDateTypeAdapter$1
instanceKlass com/google/gson/internal/bind/TimeTypeAdapter$1
instanceKlass com/google/gson/internal/bind/DateTypeAdapter$1
instanceKlass java/util/concurrent/atomic/AtomicLongArray
instanceKlass com/google/gson/internal/bind/ObjectTypeAdapter$1
instanceKlass com/google/gson/internal/bind/TypeAdapters$30
instanceKlass com/google/gson/JsonElement
instanceKlass com/google/gson/internal/bind/TypeAdapters$34
instanceKlass com/google/gson/internal/bind/TypeAdapters$26
instanceKlass com/google/gson/internal/bind/TypeAdapters$35
instanceKlass java/util/concurrent/atomic/AtomicIntegerArray
instanceKlass com/google/gson/internal/bind/TypeAdapters$33
instanceKlass com/google/gson/internal/bind/TypeAdapters$32
instanceKlass com/google/gson/TypeAdapter
instanceKlass com/google/gson/internal/bind/TypeAdapters
instanceKlass com/google/gson/internal/ConstructorConstructor
instanceKlass com/google/gson/FieldNamingStrategy
instanceKlass com/google/gson/internal/Excluder
instanceKlass com/google/gson/TypeAdapterFactory
instanceKlass com/google/gson/internal/$Gson$Types
instanceKlass com/google/gson/reflect/TypeToken
instanceKlass org/flywaydb/core/internal/util/jdbc/DriverDataSource
instanceKlass org/flywaydb/core/internal/command/DbMigrate$3
instanceKlass org/flywaydb/core/internal/info/MigrationInfoImpl
instanceKlass org/flywaydb/core/api/MigrationInfo
instanceKlass org/flywaydb/core/internal/info/MigrationInfoContext
instanceKlass org/flywaydb/core/internal/metadatatable/AppliedMigration
instanceKlass org/flywaydb/core/internal/metadatatable/MetaDataTableImpl$1
instanceKlass org/flywaydb/core/internal/util/jdbc/RowMapper
instanceKlass org/flywaydb/core/api/migration/spring/SpringJdbcMigration
instanceKlass org/flywaydb/core/api/migration/jdbc/JdbcMigration
instanceKlass org/flywaydb/core/internal/resolver/ResolvedMigrationComparator
instanceKlass org/flywaydb/core/internal/resolver/sql/SqlMigrationExecutor
instanceKlass org/flywaydb/core/api/resolver/MigrationExecutor
instanceKlass org/flywaydb/core/internal/util/Pair
instanceKlass org/flywaydb/core/internal/resolver/MigrationInfoHelper
instanceKlass org/flywaydb/core/internal/resolver/ResolvedMigrationImpl
instanceKlass org/flywaydb/core/api/resolver/ResolvedMigration
instanceKlass org/flywaydb/core/internal/info/MigrationInfoServiceImpl
instanceKlass org/flywaydb/core/internal/command/DbMigrate$2
instanceKlass org/flywaydb/core/internal/util/StopWatch
instanceKlass org/flywaydb/core/internal/command/DbMigrate$1
instanceKlass org/flywaydb/core/internal/command/DbMigrate
instanceKlass com/mysql/jdbc/DatabaseMetaData$TableMetaDataKey
instanceKlass com/mysql/jdbc/DatabaseMetaData$11
instanceKlass com/mysql/jdbc/DatabaseMetaData$IteratorWithCleanup
instanceKlass com/mysql/jdbc/IterateBlock
instanceKlass com/mysql/jdbc/PreparedStatement$ParseInfo
instanceKlass com/mysql/jdbc/EscapeProcessor
instanceKlass org/flywaydb/core/internal/command/DbSchemas$1
instanceKlass org/flywaydb/core/internal/util/jdbc/TransactionCallback
instanceKlass org/flywaydb/core/internal/util/jdbc/TransactionTemplate
instanceKlass org/flywaydb/core/internal/command/DbSchemas
instanceKlass org/flywaydb/core/internal/resolver/spring/SpringJdbcMigrationResolver
instanceKlass org/flywaydb/core/internal/resolver/jdbc/JdbcMigrationResolver
instanceKlass org/flywaydb/core/internal/resolver/sql/SqlMigrationResolver
instanceKlass org/flywaydb/core/internal/resolver/CompositeMigrationResolver
instanceKlass org/flywaydb/core/internal/dbsupport/SchemaObject
instanceKlass org/flywaydb/core/internal/metadatatable/MetaDataTableImpl
instanceKlass org/flywaydb/core/internal/util/UrlUtils
instanceKlass org/flywaydb/core/internal/util/scanner/classpath/FileSystemClassPathLocationScanner
instanceKlass org/flywaydb/core/internal/util/scanner/classpath/ClassPathLocationScanner
instanceKlass org/flywaydb/core/internal/util/scanner/classpath/DefaultUrlResolver
instanceKlass org/flywaydb/core/internal/util/scanner/classpath/UrlResolver
instanceKlass org/flywaydb/core/internal/util/scanner/classpath/ClassPathScanner
instanceKlass org/flywaydb/core/internal/util/scanner/Scanner
instanceKlass org/flywaydb/core/internal/callback/SqlScriptFlywayCallback
instanceKlass org/flywaydb/core/internal/dbsupport/JdbcTemplate
instanceKlass org/flywaydb/core/internal/dbsupport/DbSupportFactory
instanceKlass javax/sql/StatementEventListener
instanceKlass javax/sql/ConnectionEventListener
instanceKlass java/sql/CallableStatement
instanceKlass java/sql/PreparedStatement
instanceKlass java/sql/Struct
instanceKlass java/sql/SQLXML
instanceKlass java/sql/Array
instanceKlass java/sql/Savepoint
instanceKlass org/apache/tomcat/jdbc/pool/JdbcInterceptor
instanceKlass com/mysql/jdbc/NetworkResources
instanceKlass com/mysql/jdbc/LicenseConfiguration
instanceKlass com/mysql/jdbc/ResultSetMetaData
instanceKlass java/sql/ResultSetMetaData
instanceKlass com/mysql/jdbc/ResultSetImpl
instanceKlass com/mysql/jdbc/ResultSetInternalMethods
instanceKlass com/mysql/jdbc/RowDataStatic
instanceKlass com/mysql/jdbc/RowData
instanceKlass com/mysql/jdbc/ResultSetRow
instanceKlass com/mysql/jdbc/Constants
instanceKlass com/mysql/jdbc/MysqlDefs
instanceKlass com/mysql/jdbc/Field
instanceKlass com/mysql/jdbc/StatementImpl
instanceKlass com/mysql/jdbc/Statement
instanceKlass com/mysql/jdbc/Wrapper
instanceKlass java/sql/Statement
instanceKlass com/mysql/jdbc/SingleByteCharsetConverter
instanceKlass com/mysql/jdbc/Security
instanceKlass com/mysql/jdbc/authentication/Sha256PasswordPlugin
instanceKlass com/mysql/jdbc/authentication/MysqlClearPasswordPlugin
instanceKlass com/mysql/jdbc/authentication/MysqlNativePasswordPlugin
instanceKlass com/mysql/jdbc/authentication/MysqlOldPasswordPlugin
instanceKlass com/mysql/jdbc/AuthenticationPlugin
instanceKlass com/mysql/jdbc/Extension
instanceKlass com/mysql/jdbc/Buffer
instanceKlass com/mysql/jdbc/MysqlIO
instanceKlass com/mysql/jdbc/DatabaseMetaData
instanceKlass java/sql/DatabaseMetaData
instanceKlass com/mysql/jdbc/TimeUtil
instanceKlass com/mysql/jdbc/log/LogFactory
instanceKlass java/sql/Blob
instanceKlass com/mysql/jdbc/Collation
instanceKlass com/mysql/jdbc/MysqlCharset
instanceKlass com/mysql/jdbc/CharsetMapping
instanceKlass com/mysql/jdbc/StandardSocketFactory
instanceKlass com/mysql/jdbc/SocketMetadata
instanceKlass com/mysql/jdbc/SocketFactory
instanceKlass com/mysql/jdbc/PerConnectionLRUFactory
instanceKlass com/mysql/jdbc/PerVmServerConfigCacheFactory
instanceKlass com/mysql/jdbc/CacheAdapterFactory
instanceKlass com/mysql/jdbc/JDBC4MySQLConnection
instanceKlass com/mysql/jdbc/log/NullLogger
instanceKlass com/mysql/jdbc/ConnectionPropertiesImpl$ConnectionProperty
instanceKlass com/mysql/jdbc/log/StandardLogger
instanceKlass com/mysql/jdbc/log/Log
instanceKlass com/mysql/jdbc/ConnectionPropertiesImpl
instanceKlass com/mysql/jdbc/MySQLConnection
instanceKlass com/mysql/jdbc/Connection
instanceKlass com/mysql/jdbc/ConnectionProperties
instanceKlass com/mysql/jdbc/MultiHostConnectionProxy
instanceKlass java/lang/Throwable$PrintStreamOrWriter
instanceKlass com/mysql/jdbc/Messages
instanceKlass java/sql/SQLType
instanceKlass java/sql/NClob
instanceKlass java/sql/Clob
instanceKlass com/mysql/jdbc/Util
instanceKlass com/mysql/jdbc/StringUtils
instanceKlass org/apache/tomcat/jdbc/pool/PoolUtilities
instanceKlass java/sql/DriverInfo
instanceKlass java/sql/DriverManager$2
instanceKlass java/sql/DriverManager$1
instanceKlass java/sql/DriverManager
instanceKlass com/mysql/jdbc/AbandonedConnectionCleanupThread$1
instanceKlass com/mysql/jdbc/AbandonedConnectionCleanupThread
instanceKlass com/mysql/jdbc/NonRegisteringDriver
instanceKlass java/sql/Driver
instanceKlass org/apache/tomcat/jdbc/pool/ClassLoaderUtil
instanceKlass org/apache/tomcat/jdbc/pool/PooledConnection
instanceKlass java/util/Timer$1
instanceKlass java/util/TaskQueue
instanceKlass java/util/Timer
instanceKlass org/apache/tomcat/jdbc/pool/ConnectionPool$PrivilegedNewTimer
instanceKlass org/apache/tomcat/jdbc/pool/FairBlockingQueue
instanceKlass org/flywaydb/core/internal/util/jdbc/JdbcUtils
instanceKlass org/flywaydb/core/internal/util/FileCopyUtils
instanceKlass org/flywaydb/core/internal/util/scanner/classpath/ClassPathResource
instanceKlass org/flywaydb/core/internal/util/scanner/Resource
instanceKlass org/flywaydb/core/internal/util/VersionPrinter
instanceKlass org/flywaydb/core/Flyway$1
instanceKlass org/apache/ibatis/mapping/BoundSql
instanceKlass javax/servlet/AsyncContext
instanceKlass javax/servlet/RequestDispatcher
instanceKlass com/github/pagehelper/util/PageObjectUtil
instanceKlass com/github/pagehelper/dialect/AbstractDialect
instanceKlass com/github/pagehelper/page/PageAutoDialect
instanceKlass com/github/pagehelper/page/PageParams
instanceKlass com/github/pagehelper/page/PageMethod
instanceKlass com/github/pagehelper/Dialect
instanceKlass com/github/pagehelper/cache/GuavaCache
instanceKlass com/github/pagehelper/cache/Cache
instanceKlass com/github/pagehelper/util/StringUtil
instanceKlass com/github/pagehelper/cache/CacheFactory
instanceKlass com/github/pagehelper/PageInterceptor
instanceKlass org/springframework/web/servlet/view/ContentNegotiatingViewResolver$1
instanceKlass org/springframework/web/servlet/view/AbstractCachingViewResolver$1
instanceKlass org/springframework/web/servlet/resource/ResourceTransformer
instanceKlass org/springframework/web/servlet/view/ViewResolverComposite
instanceKlass org/springframework/web/servlet/handler/HandlerExceptionResolverComposite
instanceKlass java/io/Console
instanceKlass org/springframework/web/method/annotation/ExceptionHandlerMethodResolver$1
instanceKlass org/springframework/web/method/annotation/ExceptionHandlerMethodResolver
instanceKlass org/springframework/web/servlet/resource/AbstractResourceResolver
instanceKlass org/springframework/web/servlet/resource/ResourceResolver
instanceKlass org/springframework/web/servlet/config/annotation/WebMvcConfigurationSupport$NoOpValidator
instanceKlass com/netflix/discovery/shared/transport/decorator/EurekaHttpClientDecorator$7
instanceKlass org/springframework/web/servlet/mvc/method/annotation/ViewNameMethodReturnValueHandler
instanceKlass org/springframework/web/servlet/mvc/method/annotation/AsyncTaskMethodReturnValueHandler
instanceKlass org/springframework/web/servlet/mvc/method/annotation/DeferredResultMethodReturnValueHandler$CompletionStageAdapter
instanceKlass org/springframework/web/servlet/mvc/method/annotation/DeferredResultMethodReturnValueHandler$ListenableFutureAdapter
instanceKlass org/springframework/util/concurrent/ListenableFuture
instanceKlass org/springframework/web/servlet/mvc/method/annotation/DeferredResultMethodReturnValueHandler$SimpleDeferredResultAdapter
instanceKlass org/springframework/web/servlet/mvc/method/annotation/DeferredResultAdapter
instanceKlass org/springframework/web/servlet/mvc/method/annotation/DeferredResultMethodReturnValueHandler
instanceKlass org/springframework/web/servlet/mvc/method/annotation/CallableMethodReturnValueHandler
instanceKlass org/springframework/web/servlet/mvc/method/annotation/HttpHeadersReturnValueHandler
instanceKlass org/springframework/web/servlet/mvc/method/annotation/StreamingResponseBodyReturnValueHandler
instanceKlass org/springframework/web/servlet/mvc/method/annotation/ResponseBodyEmitterReturnValueHandler$SimpleResponseBodyEmitterAdapter
instanceKlass org/springframework/web/servlet/mvc/method/annotation/ResponseBodyEmitterAdapter
instanceKlass org/springframework/web/servlet/mvc/method/annotation/ResponseBodyEmitter
instanceKlass org/springframework/web/servlet/mvc/method/annotation/ResponseBodyEmitterReturnValueHandler
instanceKlass org/springframework/web/servlet/mvc/method/annotation/ViewMethodReturnValueHandler
instanceKlass org/springframework/web/servlet/mvc/method/annotation/ModelAndViewMethodReturnValueHandler
instanceKlass org/springframework/web/servlet/mvc/method/annotation/UriComponentsBuilderMethodArgumentResolver
instanceKlass org/springframework/web/method/annotation/SessionStatusMethodArgumentResolver
instanceKlass org/springframework/web/method/annotation/ErrorsMethodArgumentResolver
instanceKlass org/springframework/web/method/annotation/MapMethodProcessor
instanceKlass org/springframework/web/method/annotation/ModelMethodProcessor
instanceKlass org/springframework/web/servlet/mvc/method/annotation/RedirectAttributesMethodArgumentResolver
instanceKlass org/springframework/web/servlet/mvc/method/annotation/ServletResponseMethodArgumentResolver
instanceKlass org/springframework/web/servlet/mvc/method/annotation/ServletRequestMethodArgumentResolver
instanceKlass org/springframework/web/method/annotation/RequestHeaderMapMethodArgumentResolver
instanceKlass org/springframework/web/servlet/mvc/method/annotation/RequestResponseBodyAdviceChain
instanceKlass org/springframework/web/servlet/mvc/method/annotation/AbstractMessageConverterMethodArgumentResolver
instanceKlass org/springframework/web/method/annotation/ModelAttributeMethodProcessor
instanceKlass org/springframework/web/servlet/mvc/method/annotation/MatrixVariableMapMethodArgumentResolver
instanceKlass org/springframework/web/servlet/mvc/method/annotation/PathVariableMapMethodArgumentResolver
instanceKlass org/springframework/web/method/annotation/RequestParamMapMethodArgumentResolver
instanceKlass org/springframework/web/method/annotation/AbstractNamedValueMethodArgumentResolver
instanceKlass org/springframework/web/bind/annotation/InitBinder
instanceKlass org/springframework/web/bind/annotation/ModelAttribute
instanceKlass org/springframework/core/MethodIntrospector$2
instanceKlass org/springframework/web/method/ControllerAdviceBean
instanceKlass com/google/common/collect/AbstractIterator$1
instanceKlass com/google/common/base/Predicates$InstanceOfPredicate
instanceKlass org/springframework/web/servlet/mvc/annotation/ModelAndViewResolver
instanceKlass org/springframework/web/method/support/HandlerMethodReturnValueHandlerComposite
instanceKlass org/springframework/web/method/support/HandlerMethodArgumentResolverComposite
instanceKlass org/springframework/http/CacheControl
instanceKlass org/springframework/web/bind/support/DefaultDataBinderFactory
instanceKlass org/springframework/web/method/annotation/SessionAttributesHandler
instanceKlass org/springframework/web/bind/support/WebDataBinderFactory
instanceKlass org/springframework/web/method/annotation/ModelFactory
instanceKlass org/springframework/web/servlet/mvc/method/annotation/AbstractMappingJacksonResponseBodyAdvice
instanceKlass org/springframework/web/servlet/mvc/method/annotation/ResponseBodyAdvice
instanceKlass org/springframework/web/servlet/mvc/method/annotation/RequestBodyAdviceAdapter
instanceKlass org/springframework/web/servlet/mvc/method/annotation/RequestBodyAdvice
instanceKlass org/springframework/boot/autoconfigure/web/WebMvcValidator
instanceKlass org/springframework/web/bind/support/DefaultSessionAttributeStore
instanceKlass org/springframework/web/bind/support/SessionAttributeStore
instanceKlass org/springframework/web/context/request/async/DeferredResultProcessingInterceptor
instanceKlass org/springframework/web/context/request/async/CallableProcessingInterceptor
instanceKlass org/springframework/web/servlet/mvc/method/annotation/RequestMappingHandlerAdapter$2
instanceKlass org/springframework/web/servlet/mvc/method/annotation/RequestMappingHandlerAdapter$1
instanceKlass org/springframework/boot/autoconfigure/web/ErrorMvcAutoConfiguration$ExpressionCollector
instanceKlass org/springframework/boot/autoconfigure/web/ErrorMvcAutoConfiguration$ExpressionResolver
instanceKlass org/springframework/boot/autoconfigure/web/ErrorMvcAutoConfiguration$SpelView
instanceKlass com/netflix/hystrix/contrib/javanica/aop/aspectj/HystrixCommandAspect$MetaHolderFactory
instanceKlass org/springframework/aop/framework/CglibAopProxy$DynamicUnadvisedInterceptor
instanceKlass springfox/documentation/service/SecurityScheme
instanceKlass springfox/documentation/spi/service/contexts/SecurityContext
instanceKlass springfox/documentation/PathProvider
instanceKlass springfox/documentation/spring/web/plugins/Docket$2
instanceKlass com/google/common/collect/TransformedIterator
instanceKlass com/google/common/collect/Iterators$2
instanceKlass com/google/common/collect/UnmodifiableIterator
instanceKlass com/google/common/collect/Iterators
instanceKlass com/google/common/collect/Iterables
instanceKlass springfox/documentation/spring/web/plugins/Docket$1
instanceKlass com/google/common/primitives/Ints
instanceKlass springfox/documentation/schema/AlternateTypeRules
instanceKlass com/github/prontera/model/swagger/SwaggerPaginationResponse
instanceKlass springfox/documentation/schema/WildcardType
instanceKlass com/github/pagehelper/PageInfo
instanceKlass springfox/documentation/spring/web/plugins/ApiSelectorBuilder$1
instanceKlass springfox/documentation/builders/RequestHandlerSelectors$3
instanceKlass springfox/documentation/spring/web/plugins/ApiSelectorBuilder
instanceKlass springfox/documentation/builders/PathSelectors
instanceKlass com/google/common/base/Predicates$AndPredicate
instanceKlass springfox/documentation/builders/RequestHandlerSelectors$1
instanceKlass com/google/common/base/Predicates$NotPredicate
instanceKlass com/google/common/base/Predicates
instanceKlass springfox/documentation/builders/RequestHandlerSelectors$2
instanceKlass springfox/documentation/builders/RequestHandlerSelectors
instanceKlass springfox/documentation/schema/DefaultGenericTypeNamingStrategy
instanceKlass springfox/documentation/spi/schema/GenericTypeNamingStrategy
instanceKlass com/github/prontera/model/swagger/SwaggerApiInfo$SwaggerApiInfoBuilder
instanceKlass springfox/documentation/service/ResourceGroup
instanceKlass springfox/documentation/swagger/web/UiConfiguration$Constants
instanceKlass springfox/documentation/swagger/web/SecurityConfiguration
instanceKlass springfox/documentation/schema/ClassSupport
instanceKlass springfox/documentation/swagger/web/SwaggerResource
instanceKlass io/swagger/annotations/ApiParam
instanceKlass io/swagger/annotations/ApiModelProperty
instanceKlass io/swagger/annotations/ApiResponse
instanceKlass springfox/documentation/schema/ModelRef
instanceKlass io/swagger/annotations/ApiImplicitParam
instanceKlass springfox/documentation/service/ApiListingReference
instanceKlass springfox/documentation/schema/AlternateTypeRule
instanceKlass springfox/documentation/spi/service/contexts/Orderings$3
instanceKlass springfox/documentation/spi/service/contexts/Orderings$4
instanceKlass springfox/documentation/spi/service/contexts/Orderings$5
instanceKlass com/google/common/collect/ObjectArrays
instanceKlass springfox/documentation/spi/service/contexts/Orderings$1
instanceKlass com/google/common/collect/Ordering
instanceKlass springfox/documentation/spi/service/contexts/Orderings$2
instanceKlass springfox/documentation/spi/service/contexts/Orderings
instanceKlass springfox/documentation/builders/BuilderDefaults
instanceKlass springfox/documentation/builders/ResponseMessageBuilder
instanceKlass springfox/documentation/service/ResponseMessage
instanceKlass com/google/common/collect/Sets
instanceKlass java/awt/Component
instanceKlass java/awt/MenuContainer
instanceKlass java/awt/image/ImageObserver
instanceKlass org/springframework/boot/actuate/endpoint/AutoConfigurationReportEndpoint$Report
instanceKlass org/springframework/boot/actuate/endpoint/FlywayEndpoint$FlywayReport
instanceKlass org/flywaydb/core/internal/util/PlaceholderReplacer
instanceKlass org/flywaydb/core/api/MigrationInfoService
instanceKlass org/flywaydb/core/Flyway$Command
instanceKlass org/flywaydb/core/internal/dbsupport/Schema
instanceKlass org/flywaydb/core/internal/metadatatable/MetaDataTable
instanceKlass org/flywaydb/core/internal/dbsupport/DbSupport
instanceKlass org/flywaydb/core/api/resolver/MigrationResolver
instanceKlass org/flywaydb/core/api/callback/FlywayCallback
instanceKlass org/flywaydb/core/internal/util/Location
instanceKlass org/flywaydb/core/internal/util/Locations
instanceKlass org/flywaydb/core/internal/util/logging/slf4j/Slf4jLog
instanceKlass org/flywaydb/core/internal/util/logging/Log
instanceKlass org/flywaydb/core/internal/util/logging/slf4j/Slf4jLogCreator
instanceKlass org/flywaydb/core/internal/util/logging/LogCreator
instanceKlass org/flywaydb/core/internal/util/ClassUtils
instanceKlass org/flywaydb/core/internal/util/FeatureDetector
instanceKlass org/flywaydb/core/internal/util/logging/LogFactory
instanceKlass org/springframework/boot/autoconfigure/flyway/FlywayMigrationStrategy
instanceKlass org/springframework/boot/autoconfigure/flyway/FlywayDataSource
instanceKlass org/springframework/cloud/client/actuator/FeaturesEndpoint$Feature
instanceKlass org/springframework/cloud/client/actuator/FeaturesEndpoint$Features
instanceKlass org/springframework/cloud/context/restart/RestartEndpoint$IntegrationShutdown
instanceKlass org/springframework/cloud/autoconfigure/RefreshEndpointAutoConfiguration$InfoEndpointRebinderConfiguration
instanceKlass org/springframework/boot/actuate/endpoint/mvc/ActuatorPostMapping
instanceKlass org/springframework/boot/actuate/endpoint/LoggersEndpoint$LoggerLevels
instanceKlass org/springframework/boot/actuate/endpoint/Sanitizer
instanceKlass org/springframework/boot/actuate/metrics/reader/CompositeMetricReader
instanceKlass org/springframework/boot/actuate/metrics/Metric
instanceKlass org/springframework/cloud/netflix/metrics/servo/HierarchicalServoMetricNaming
instanceKlass org/springframework/boot/actuate/info/Info$Builder
instanceKlass org/springframework/boot/bind/PropertySourcesBinder
instanceKlass org/springframework/boot/autoconfigure/jdbc/metadata/AbstractDataSourcePoolMetadata
instanceKlass org/springframework/boot/autoconfigure/jdbc/metadata/DataSourcePoolMetadataProviders
instanceKlass org/springframework/boot/autoconfigure/jdbc/metadata/DataSourcePoolMetadataProvidersConfiguration$HikariPoolDataSourceMetadataProviderConfiguration
instanceKlass org/springframework/boot/autoconfigure/jdbc/metadata/DataSourcePoolMetadataProvidersConfiguration$CommonsDbcpPoolDataSourceMetadataProviderConfiguration
instanceKlass org/springframework/boot/autoconfigure/jdbc/metadata/DataSourcePoolMetadataProvidersConfiguration$CommonsDbcp2PoolDataSourceMetadataProviderConfiguration
instanceKlass org/springframework/boot/autoconfigure/jdbc/metadata/DataSourcePoolMetadata
instanceKlass org/springframework/boot/autoconfigure/jdbc/metadata/DataSourcePoolMetadataProvidersConfiguration$TomcatDataSourcePoolMetadataProviderConfiguration$1
instanceKlass org/springframework/cloud/client/discovery/health/DiscoveryCompositeHealthIndicator$Holder
instanceKlass org/springframework/aop/support/DefaultIntroductionAdvisor
instanceKlass org/springframework/aop/support/IntroductionInfoSupport
instanceKlass org/springframework/aop/scope/DefaultScopedObject
instanceKlass org/springframework/aop/target/AbstractBeanFactoryBasedTargetSource
instanceKlass rx/internal/operators/OnSubscribeConcatMap
instanceKlass com/netflix/hystrix/contrib/metrics/eventstream/HystrixMetricsStreamServlet$1
instanceKlass rx/internal/operators/OperatorOnBackpressureDrop$Holder
instanceKlass rx/internal/operators/OperatorOnBackpressureDrop
instanceKlass rx/internal/operators/OnSubscribeRefCount
instanceKlass rx/internal/operators/OperatorPublish$1
instanceKlass rx/internal/operators/OperatorDoOnUnsubscribe
instanceKlass com/netflix/hystrix/metric/consumer/HystrixDashboardStream$1
instanceKlass rx/internal/operators/OnSubscribeLift
instanceKlass rx/internal/operators/OperatorDoOnSubscribe
instanceKlass rx/Observable$Operator
instanceKlass com/netflix/hystrix/metric/consumer/HystrixDashboardStream$2
instanceKlass rx/functions/Action0
instanceKlass rx/internal/operators/OnSubscribeMap
instanceKlass com/netflix/hystrix/metric/consumer/HystrixDashboardStream$3
instanceKlass rx/plugins/RxJavaObservableExecutionHook
instanceKlass rx/internal/operators/OnSubscribeTimerPeriodically
instanceKlass rx/Observable$OnSubscribe
instanceKlass rx/plugins/RxJavaHooks$16
instanceKlass rx/plugins/RxJavaHooks$15
instanceKlass rx/plugins/RxJavaHooks$14
instanceKlass rx/plugins/RxJavaHooks$13
instanceKlass rx/plugins/RxJavaHooks$12
instanceKlass rx/plugins/RxJavaHooks$11
instanceKlass rx/plugins/RxJavaHooks$10
instanceKlass rx/plugins/RxJavaHooks$9
instanceKlass rx/plugins/RxJavaHooks$8
instanceKlass rx/plugins/RxJavaHooks$7
instanceKlass rx/plugins/RxJavaHooks$6
instanceKlass rx/plugins/RxJavaHooks$5
instanceKlass rx/plugins/RxJavaHooks$4
instanceKlass rx/plugins/RxJavaHooks$3
instanceKlass rx/functions/Func1
instanceKlass rx/plugins/RxJavaHooks$2
instanceKlass rx/functions/Func2
instanceKlass rx/plugins/RxJavaHooks$1
instanceKlass rx/functions/Action1
instanceKlass rx/functions/Action
instanceKlass rx/functions/Function
instanceKlass rx/plugins/RxJavaHooks
instanceKlass rx/internal/schedulers/CachedThreadScheduler$CachedWorkerPool$2
instanceKlass rx/internal/schedulers/CachedThreadScheduler$CachedWorkerPool$1
instanceKlass rx/subscriptions/CompositeSubscription
instanceKlass rx/internal/schedulers/CachedThreadScheduler$CachedWorkerPool
instanceKlass rx/internal/schedulers/EventLoopsScheduler$FixedSchedulerPool
instanceKlass rx/internal/util/PlatformDependent
instanceKlass rx/Scheduler$Worker
instanceKlass rx/Subscription
instanceKlass rx/Scheduler
instanceKlass rx/internal/schedulers/SchedulerLifecycle
instanceKlass rx/internal/util/RxThreadFactory$1
instanceKlass rx/plugins/RxJavaErrorHandler
instanceKlass rx/plugins/RxJavaPlugins
instanceKlass rx/schedulers/Schedulers
instanceKlass com/netflix/hystrix/metric/consumer/HystrixDashboardStream
instanceKlass org/apache/commons/configuration/PropertyConverter
instanceKlass com/netflix/config/DynamicProperty$CachedValue
instanceKlass com/google/common/collect/Lists
instanceKlass com/netflix/config/PropertyWrapper
instanceKlass com/netflix/config/Property
instanceKlass com/netflix/config/ExpandedConfigurationListenerAdapter
instanceKlass com/netflix/config/DynamicProperty$DynamicPropertyListener
instanceKlass com/netflix/config/PropertyListener
instanceKlass com/netflix/config/DynamicProperty
instanceKlass com/netflix/config/ConfigurationBackedDynamicPropertySupportImpl
instanceKlass com/netflix/config/DynamicPropertySupport
instanceKlass com/netflix/config/sources/URLConfigurationSource
instanceKlass com/netflix/config/PolledConfigurationSource
instanceKlass com/netflix/config/ConcurrentCompositeConfiguration$1
instanceKlass org/apache/commons/logging/impl/NoOpLog
instanceKlass com/netflix/config/ConfigurationBasedDeploymentContext$1
instanceKlass com/netflix/config/SimpleDeploymentContext
instanceKlass com/netflix/config/DeploymentContext
instanceKlass com/netflix/config/ConfigurationManager
instanceKlass com/netflix/config/DynamicPropertyFactory
instanceKlass org/springframework/web/servlet/handler/AbstractHandlerMethodMapping$MappingRegistration
instanceKlass org/springframework/web/servlet/mvc/condition/AbstractMediaTypeExpression
